TpTrace Verbose: 0 : 16432, 1, 2021/08/23, 11:52:08.152, 1716187274619, vstest.console.dll, Version: 17.0.0-preview-20210715-01
TpTrace Information: 0 : 16432, 1, 2021/08/23, 11:52:08.164, 1716187372173, vstest.console.dll, FilePatternParser: The given file C:\Users\Ehlimana\source\repos\MetrikeRefaktoringCodeTuning\MetrikeRefaktoringCodeTuning\bin\Debug\net5.0\fine-code-coverage\build-output\MetrikeRefaktoringCodeTuning.dll is a full path.
TpTrace Verbose: 0 : 16432, 1, 2021/08/23, 11:52:08.169, 1716187418524, vstest.console.dll, TestPluginCache.DiscoverTestExtensions: finding test extensions in assemblies ends with: RuntimeProvider.dll TPluginInfo: Microsoft.VisualStudio.TestPlatform.Common.ExtensionFramework.Utilities.TestRuntimePluginInformation TExtension: Microsoft.VisualStudio.TestPlatform.ObjectModel.Host.ITestRuntimeProvider
TpTrace Verbose: 0 : 16432, 1, 2021/08/23, 11:52:08.170, 1716187427148, vstest.console.dll, TestPluginCache.GetExtensionPaths: Filtered extension paths: 
TpTrace Verbose: 0 : 16432, 1, 2021/08/23, 11:52:08.170, 1716187428526, vstest.console.dll, TestPluginCache.GetExtensionPaths: Added default extension paths: C:\Program Files\dotnet\sdk\6.0.100-preview.7.21379.14\Extensions\Microsoft.Diagnostics.NETCore.Client.dll
C:\Program Files\dotnet\sdk\6.0.100-preview.7.21379.14\Extensions\Microsoft.TestPlatform.Extensions.BlameDataCollector.dll
C:\Program Files\dotnet\sdk\6.0.100-preview.7.21379.14\Extensions\Microsoft.TestPlatform.Extensions.EventLogCollector.dll
C:\Program Files\dotnet\sdk\6.0.100-preview.7.21379.14\Extensions\Microsoft.TestPlatform.TestHostRuntimeProvider.dll
C:\Program Files\dotnet\sdk\6.0.100-preview.7.21379.14\Extensions\Microsoft.VisualStudio.TestPlatform.Extensions.Html.TestLogger.dll
C:\Program Files\dotnet\sdk\6.0.100-preview.7.21379.14\Extensions\Microsoft.VisualStudio.TestPlatform.Extensions.Trx.TestLogger.dll
TpTrace Verbose: 0 : 16432, 1, 2021/08/23, 11:52:08.170, 1716187429109, vstest.console.dll, TestPluginCache.GetExtensionPaths: Added unfilterableExtensionPaths: 
TpTrace Information: 0 : 16432, 1, 2021/08/23, 11:52:08.171, 1716187438077, vstest.console.dll, AssemblyResolver.ctor: Creating AssemblyResolver with searchDirectories C:\Program Files\dotnet\sdk\6.0.100-preview.7.21379.14\Extensions,C:\Program Files\dotnet\sdk\6.0.100-preview.7.21379.14
TpTrace Verbose: 0 : 16432, 1, 2021/08/23, 11:52:08.172, 1716187447645, vstest.console.dll, TestPluginCache.DiscoverTestExtensions: Discovering the extensions using extension path.
TpTrace Verbose: 0 : 16432, 1, 2021/08/23, 11:52:08.172, 1716187449996, vstest.console.dll, TestPluginCache.GetExtensionPaths: Filtered extension paths: 
TpTrace Verbose: 0 : 16432, 1, 2021/08/23, 11:52:08.172, 1716187451349, vstest.console.dll, TestPluginCache.GetExtensionPaths: Added default extension paths: C:\Program Files\dotnet\sdk\6.0.100-preview.7.21379.14\Extensions\Microsoft.Diagnostics.NETCore.Client.dll
C:\Program Files\dotnet\sdk\6.0.100-preview.7.21379.14\Extensions\Microsoft.TestPlatform.Extensions.BlameDataCollector.dll
C:\Program Files\dotnet\sdk\6.0.100-preview.7.21379.14\Extensions\Microsoft.TestPlatform.Extensions.EventLogCollector.dll
C:\Program Files\dotnet\sdk\6.0.100-preview.7.21379.14\Extensions\Microsoft.TestPlatform.TestHostRuntimeProvider.dll
C:\Program Files\dotnet\sdk\6.0.100-preview.7.21379.14\Extensions\Microsoft.VisualStudio.TestPlatform.Extensions.Html.TestLogger.dll
C:\Program Files\dotnet\sdk\6.0.100-preview.7.21379.14\Extensions\Microsoft.VisualStudio.TestPlatform.Extensions.Trx.TestLogger.dll
TpTrace Verbose: 0 : 16432, 1, 2021/08/23, 11:52:08.172, 1716187452162, vstest.console.dll, TestPluginCache.GetExtensionPaths: Added unfilterableExtensionPaths: 
TpTrace Verbose: 0 : 16432, 1, 2021/08/23, 11:52:08.172, 1716187453552, vstest.console.dll, TestPluginCache.DiscoverTestExtensions: Discovering the extensions using allExtensionPaths: C:\Program Files\dotnet\sdk\6.0.100-preview.7.21379.14\Extensions\Microsoft.Diagnostics.NETCore.Client.dll
C:\Program Files\dotnet\sdk\6.0.100-preview.7.21379.14\Extensions\Microsoft.TestPlatform.Extensions.BlameDataCollector.dll
C:\Program Files\dotnet\sdk\6.0.100-preview.7.21379.14\Extensions\Microsoft.TestPlatform.Extensions.EventLogCollector.dll
C:\Program Files\dotnet\sdk\6.0.100-preview.7.21379.14\Extensions\Microsoft.TestPlatform.TestHostRuntimeProvider.dll
C:\Program Files\dotnet\sdk\6.0.100-preview.7.21379.14\Extensions\Microsoft.VisualStudio.TestPlatform.Extensions.Html.TestLogger.dll
C:\Program Files\dotnet\sdk\6.0.100-preview.7.21379.14\Extensions\Microsoft.VisualStudio.TestPlatform.Extensions.Trx.TestLogger.dll
TpTrace Information: 0 : 16432, 1, 2021/08/23, 11:52:08.173, 1716187456825, vstest.console.dll, AssemblyResolver.AddSearchDirectories: Adding more searchDirectories C:\Program Files\dotnet\sdk\6.0.100-preview.7.21379.14\Extensions,C:\Program Files\dotnet\sdk\6.0.100-preview.7.21379.14
TpTrace Information: 0 : 16432, 1, 2021/08/23, 11:52:08.173, 1716187458018, vstest.console.dll, AssemblyResolver.AddSearchDirectories: Adding more searchDirectories C:\Program Files\dotnet\sdk\6.0.100-preview.7.21379.14\Extensions,C:\Program Files\dotnet\sdk\6.0.100-preview.7.21379.14
TpTrace Information: 0 : 16432, 1, 2021/08/23, 11:52:08.173, 1716187458801, vstest.console.dll, AssemblyResolver.AddSearchDirectories: Adding more searchDirectories C:\Program Files\dotnet\sdk\6.0.100-preview.7.21379.14\Extensions,C:\Program Files\dotnet\sdk\6.0.100-preview.7.21379.14
TpTrace Information: 0 : 16432, 1, 2021/08/23, 11:52:08.173, 1716187459593, vstest.console.dll, AssemblyResolver.AddSearchDirectories: Adding more searchDirectories C:\Program Files\dotnet\sdk\6.0.100-preview.7.21379.14\Extensions,C:\Program Files\dotnet\sdk\6.0.100-preview.7.21379.14
TpTrace Information: 0 : 16432, 1, 2021/08/23, 11:52:08.173, 1716187460296, vstest.console.dll, AssemblyResolver.AddSearchDirectories: Adding more searchDirectories C:\Program Files\dotnet\sdk\6.0.100-preview.7.21379.14\Extensions,C:\Program Files\dotnet\sdk\6.0.100-preview.7.21379.14
TpTrace Information: 0 : 16432, 1, 2021/08/23, 11:52:08.173, 1716187461111, vstest.console.dll, AssemblyResolver.AddSearchDirectories: Adding more searchDirectories C:\Program Files\dotnet\sdk\6.0.100-preview.7.21379.14\Extensions,C:\Program Files\dotnet\sdk\6.0.100-preview.7.21379.14
TpTrace Information: 0 : 16432, 1, 2021/08/23, 11:52:08.174, 1716187465232, vstest.console.dll, AssemblyResolver.OnResolve: Microsoft.Diagnostics.NETCore.Client: Resolving assembly.
TpTrace Information: 0 : 16432, 1, 2021/08/23, 11:52:08.174, 1716187466046, vstest.console.dll, AssemblyResolver.OnResolve: Microsoft.Diagnostics.NETCore.Client: Searching in: 'C:\Program Files\dotnet\sdk\6.0.100-preview.7.21379.14\Extensions'.
TpTrace Information: 0 : 16432, 1, 2021/08/23, 11:52:08.174, 1716187470644, vstest.console.dll, AssemblyResolver.OnResolve: Microsoft.Diagnostics.NETCore.Client: Loading assembly 'C:\Program Files\dotnet\sdk\6.0.100-preview.7.21379.14\Extensions\Microsoft.Diagnostics.NETCore.Client.dll'.
TpTrace Information: 0 : 16432, 1, 2021/08/23, 11:52:08.175, 1716187476352, vstest.console.dll, AssemblyResolver.OnResolve: Resolved assembly: Microsoft.Diagnostics.NETCore.Client, from path: C:\Program Files\dotnet\sdk\6.0.100-preview.7.21379.14\Extensions\Microsoft.Diagnostics.NETCore.Client.dll
TpTrace Information: 0 : 16432, 1, 2021/08/23, 11:52:08.181, 1716187539953, vstest.console.dll, AssemblyResolver.OnResolve: Microsoft.Bcl.AsyncInterfaces: Resolving assembly.
TpTrace Information: 0 : 16432, 1, 2021/08/23, 11:52:08.181, 1716187541489, vstest.console.dll, AssemblyResolver.OnResolve: Microsoft.Bcl.AsyncInterfaces: Searching in: 'C:\Program Files\dotnet\sdk\6.0.100-preview.7.21379.14\Extensions'.
TpTrace Information: 0 : 16432, 1, 2021/08/23, 11:52:08.181, 1716187542748, vstest.console.dll, AssemblyResolver.OnResolve: Microsoft.Bcl.AsyncInterfaces: Assembly path does not exist: 'C:\Program Files\dotnet\sdk\6.0.100-preview.7.21379.14\Extensions\Microsoft.Bcl.AsyncInterfaces.dll', returning.
TpTrace Information: 0 : 16432, 1, 2021/08/23, 11:52:08.181, 1716187543687, vstest.console.dll, AssemblyResolver.OnResolve: Microsoft.Bcl.AsyncInterfaces: Assembly path does not exist: 'C:\Program Files\dotnet\sdk\6.0.100-preview.7.21379.14\Extensions\Microsoft.Bcl.AsyncInterfaces.exe', returning.
TpTrace Information: 0 : 16432, 1, 2021/08/23, 11:52:08.182, 1716187544558, vstest.console.dll, AssemblyResolver.OnResolve: Microsoft.Bcl.AsyncInterfaces: Searching in: 'C:\Program Files\dotnet\sdk\6.0.100-preview.7.21379.14'.
TpTrace Information: 0 : 16432, 1, 2021/08/23, 11:52:08.182, 1716187545470, vstest.console.dll, AssemblyResolver.OnResolve: Microsoft.Bcl.AsyncInterfaces: Assembly path does not exist: 'C:\Program Files\dotnet\sdk\6.0.100-preview.7.21379.14\Microsoft.Bcl.AsyncInterfaces.dll', returning.
TpTrace Information: 0 : 16432, 1, 2021/08/23, 11:52:08.182, 1716187546272, vstest.console.dll, AssemblyResolver.OnResolve: Microsoft.Bcl.AsyncInterfaces: Assembly path does not exist: 'C:\Program Files\dotnet\sdk\6.0.100-preview.7.21379.14\Microsoft.Bcl.AsyncInterfaces.exe', returning.
TpTrace Information: 0 : 16432, 1, 2021/08/23, 11:52:08.182, 1716187546758, vstest.console.dll, AssemblyResolver.OnResolve: Microsoft.Bcl.AsyncInterfaces: Failed to load assembly.
TpTrace Verbose: 0 : 16432, 1, 2021/08/23, 11:52:08.182, 1716187547299, vstest.console.dll, CurrentDomainAssemblyResolve: Resolving assembly 'Microsoft.Bcl.AsyncInterfaces'.
TpTrace Information: 0 : 16432, 1, 2021/08/23, 11:52:08.182, 1716187548083, vstest.console.dll, AssemblyResolver.OnResolve: Microsoft.Bcl.AsyncInterfaces: Resolving assembly.
TpTrace Information: 0 : 16432, 1, 2021/08/23, 11:52:08.182, 1716187548616, vstest.console.dll, AssemblyResolver.OnResolve: Microsoft.Bcl.AsyncInterfaces: Resolved from cache.
TpTrace Verbose: 0 : 16432, 1, 2021/08/23, 11:52:08.182, 1716187549051, vstest.console.dll, CurrentDomainAssemblyResolve: Resolving assembly 'Microsoft.Bcl.AsyncInterfaces'.
TpTrace Verbose: 0 : 16432, 1, 2021/08/23, 11:52:08.182, 1716187549562, vstest.console.dll, CurrentDomainAssemblyResolve: Failed to resolve assembly 'Microsoft.Bcl.AsyncInterfaces'.
TpTrace Verbose: 0 : 16432, 1, 2021/08/23, 11:52:08.182, 1716187554349, vstest.console.dll, CurrentDomainAssemblyResolve: Failed to resolve assembly 'Microsoft.Bcl.AsyncInterfaces'.
TpTrace Warning: 0 : 16432, 1, 2021/08/23, 11:52:08.198, 1716187714037, vstest.console.dll, TestPluginDiscoverer: Failed to get types from assembly 'Microsoft.Diagnostics.NETCore.Client, Version=0.2.4.21401, Culture=neutral, PublicKeyToken=31bf3856ad364e35'.  Skipping test extension scan for this assembly.  Error: System.Reflection.ReflectionTypeLoadException: Unable to load one or more of the requested types.
Could not load file or assembly 'Microsoft.Bcl.AsyncInterfaces, Version=1.0.0.0, Culture=neutral, PublicKeyToken=cc7b13ffcd2ddd51'. The system cannot find the file specified.
   at System.Reflection.RuntimeModule.GetTypes(RuntimeModule module)
   at System.Reflection.Assembly.GetTypes() in System.Private.CoreLib.dll:token 0x600514d+0x0
   at Microsoft.VisualStudio.TestPlatform.Common.ExtensionFramework.TestPluginDiscoverer.GetTestExtensionsFromAssembly[TPluginInfo,TExtension](Assembly assembly, Dictionary`2 pluginInfos) in Microsoft.VisualStudio.TestPlatform.Common.dll:token 0x60001af+0x1a
System.IO.FileNotFoundException: Could not load file or assembly 'Microsoft.Bcl.AsyncInterfaces, Version=1.0.0.0, Culture=neutral, PublicKeyToken=cc7b13ffcd2ddd51'. The system cannot find the file specified.
File name: 'Microsoft.Bcl.AsyncInterfaces, Version=1.0.0.0, Culture=neutral, PublicKeyToken=cc7b13ffcd2ddd51'
 ---> System.IO.FileNotFoundException: Could not load file or assembly 'Microsoft.Bcl.AsyncInterfaces, Culture=neutral, PublicKeyToken=null'. The system cannot find the file specified.
File name: 'Microsoft.Bcl.AsyncInterfaces, Culture=neutral, PublicKeyToken=null'
   at System.Reflection.RuntimeAssembly.InternalLoad(ObjectHandleOnStack assemblyName, ObjectHandleOnStack requestingAssembly, StackCrawlMarkHandle stackMark, Boolean throwOnFileNotFound, ObjectHandleOnStack assemblyLoadContext, ObjectHandleOnStack retAssembly) in System.Private.CoreLib.dll:token 0x600534c+0x8
   at System.Reflection.RuntimeAssembly.InternalLoad(AssemblyName assemblyName, RuntimeAssembly requestingAssembly, StackCrawlMark& stackMark, Boolean throwOnFileNotFound, AssemblyLoadContext assemblyLoadContext) in System.Private.CoreLib.dll:token 0x600534b+0x16
   at System.Reflection.Assembly.Load(AssemblyName assemblyRef) in System.Private.CoreLib.dll:token 0x6005142+0xe
   at Microsoft.VisualStudio.TestPlatform.Common.ExtensionFramework.TestPluginCache.CurrentDomainAssemblyResolve(Object sender, AssemblyResolveEventArgs args) in Microsoft.VisualStudio.TestPlatform.Common.dll:token 0x60001a9+0x64
   at Microsoft.VisualStudio.TestPlatform.PlatformAbstractions.PlatformAssemblyResolver.AssemblyResolverEvent(Object sender, Object eventArgs) in Microsoft.TestPlatform.PlatformAbstractions.dll:token 0x600004a+0x1c
   at System.Runtime.Loader.AssemblyLoadContext.GetFirstResolvedAssemblyFromResolvingEvent(AssemblyName assemblyName) in System.Private.CoreLib.dll:token 0x6003b3f+0x24
   at System.Runtime.Loader.AssemblyLoadContext.ResolveUsingEvent(AssemblyName assemblyName) in System.Private.CoreLib.dll:token 0x6003b42+0x7
   at System.Runtime.Loader.AssemblyLoadContext.ResolveUsingResolvingEvent(IntPtr gchManagedAssemblyLoadContext, AssemblyName assemblyName) in System.Private.CoreLib.dll:token 0x6003b03+0x7
TpTrace Warning: 0 : 16432, 1, 2021/08/23, 11:52:08.199, 1716187717179, vstest.console.dll, LoaderExceptions: System.IO.FileNotFoundException: Could not load file or assembly 'Microsoft.Bcl.AsyncInterfaces, Version=1.0.0.0, Culture=neutral, PublicKeyToken=cc7b13ffcd2ddd51'. The system cannot find the file specified.
File name: 'Microsoft.Bcl.AsyncInterfaces, Version=1.0.0.0, Culture=neutral, PublicKeyToken=cc7b13ffcd2ddd51'
 ---> System.IO.FileNotFoundException: Could not load file or assembly 'Microsoft.Bcl.AsyncInterfaces, Culture=neutral, PublicKeyToken=null'. The system cannot find the file specified.
File name: 'Microsoft.Bcl.AsyncInterfaces, Culture=neutral, PublicKeyToken=null'
   at System.Reflection.RuntimeAssembly.InternalLoad(ObjectHandleOnStack assemblyName, ObjectHandleOnStack requestingAssembly, StackCrawlMarkHandle stackMark, Boolean throwOnFileNotFound, ObjectHandleOnStack assemblyLoadContext, ObjectHandleOnStack retAssembly) in System.Private.CoreLib.dll:token 0x600534c+0x8
   at System.Reflection.RuntimeAssembly.InternalLoad(AssemblyName assemblyName, RuntimeAssembly requestingAssembly, StackCrawlMark& stackMark, Boolean throwOnFileNotFound, AssemblyLoadContext assemblyLoadContext) in System.Private.CoreLib.dll:token 0x600534b+0x16
   at System.Reflection.Assembly.Load(AssemblyName assemblyRef) in System.Private.CoreLib.dll:token 0x6005142+0xe
   at Microsoft.VisualStudio.TestPlatform.Common.ExtensionFramework.TestPluginCache.CurrentDomainAssemblyResolve(Object sender, AssemblyResolveEventArgs args) in Microsoft.VisualStudio.TestPlatform.Common.dll:token 0x60001a9+0x64
   at Microsoft.VisualStudio.TestPlatform.PlatformAbstractions.PlatformAssemblyResolver.AssemblyResolverEvent(Object sender, Object eventArgs) in Microsoft.TestPlatform.PlatformAbstractions.dll:token 0x600004a+0x1c
   at System.Runtime.Loader.AssemblyLoadContext.GetFirstResolvedAssemblyFromResolvingEvent(AssemblyName assemblyName) in System.Private.CoreLib.dll:token 0x6003b3f+0x24
   at System.Runtime.Loader.AssemblyLoadContext.ResolveUsingEvent(AssemblyName assemblyName) in System.Private.CoreLib.dll:token 0x6003b42+0x7
   at System.Runtime.Loader.AssemblyLoadContext.ResolveUsingResolvingEvent(IntPtr gchManagedAssemblyLoadContext, AssemblyName assemblyName) in System.Private.CoreLib.dll:token 0x6003b03+0x7
TpTrace Information: 0 : 16432, 1, 2021/08/23, 11:52:08.199, 1716187718755, vstest.console.dll, AssemblyResolver.OnResolve: Microsoft.TestPlatform.Extensions.BlameDataCollector: Resolving assembly.
TpTrace Information: 0 : 16432, 1, 2021/08/23, 11:52:08.199, 1716187719347, vstest.console.dll, AssemblyResolver.OnResolve: Microsoft.TestPlatform.Extensions.BlameDataCollector: Searching in: 'C:\Program Files\dotnet\sdk\6.0.100-preview.7.21379.14\Extensions'.
TpTrace Information: 0 : 16432, 1, 2021/08/23, 11:52:08.199, 1716187723315, vstest.console.dll, AssemblyResolver.OnResolve: Microsoft.TestPlatform.Extensions.BlameDataCollector: Loading assembly 'C:\Program Files\dotnet\sdk\6.0.100-preview.7.21379.14\Extensions\Microsoft.TestPlatform.Extensions.BlameDataCollector.dll'.
TpTrace Information: 0 : 16432, 1, 2021/08/23, 11:52:08.200, 1716187729270, vstest.console.dll, AssemblyResolver.OnResolve: Resolved assembly: Microsoft.TestPlatform.Extensions.BlameDataCollector, from path: C:\Program Files\dotnet\sdk\6.0.100-preview.7.21379.14\Extensions\Microsoft.TestPlatform.Extensions.BlameDataCollector.dll
TpTrace Information: 0 : 16432, 1, 2021/08/23, 11:52:08.201, 1716187736044, vstest.console.dll, AssemblyResolver.OnResolve: Microsoft.TestPlatform.Extensions.EventLogCollector: Resolving assembly.
TpTrace Information: 0 : 16432, 1, 2021/08/23, 11:52:08.201, 1716187737132, vstest.console.dll, AssemblyResolver.OnResolve: Microsoft.TestPlatform.Extensions.EventLogCollector: Searching in: 'C:\Program Files\dotnet\sdk\6.0.100-preview.7.21379.14\Extensions'.
TpTrace Information: 0 : 16432, 1, 2021/08/23, 11:52:08.201, 1716187740303, vstest.console.dll, AssemblyResolver.OnResolve: Microsoft.TestPlatform.Extensions.EventLogCollector: Loading assembly 'C:\Program Files\dotnet\sdk\6.0.100-preview.7.21379.14\Extensions\Microsoft.TestPlatform.Extensions.EventLogCollector.dll'.
TpTrace Information: 0 : 16432, 1, 2021/08/23, 11:52:08.202, 1716187745085, vstest.console.dll, AssemblyResolver.OnResolve: Resolved assembly: Microsoft.TestPlatform.Extensions.EventLogCollector, from path: C:\Program Files\dotnet\sdk\6.0.100-preview.7.21379.14\Extensions\Microsoft.TestPlatform.Extensions.EventLogCollector.dll
TpTrace Information: 0 : 16432, 1, 2021/08/23, 11:52:08.203, 1716187764083, vstest.console.dll, AssemblyResolver.OnResolve: Microsoft.TestPlatform.TestHostRuntimeProvider: Resolving assembly.
TpTrace Information: 0 : 16432, 1, 2021/08/23, 11:52:08.204, 1716187765341, vstest.console.dll, AssemblyResolver.OnResolve: Microsoft.TestPlatform.TestHostRuntimeProvider: Searching in: 'C:\Program Files\dotnet\sdk\6.0.100-preview.7.21379.14\Extensions'.
TpTrace Information: 0 : 16432, 1, 2021/08/23, 11:52:08.204, 1716187768225, vstest.console.dll, AssemblyResolver.OnResolve: Microsoft.TestPlatform.TestHostRuntimeProvider: Loading assembly 'C:\Program Files\dotnet\sdk\6.0.100-preview.7.21379.14\Extensions\Microsoft.TestPlatform.TestHostRuntimeProvider.dll'.
TpTrace Information: 0 : 16432, 1, 2021/08/23, 11:52:08.205, 1716187774998, vstest.console.dll, AssemblyResolver.OnResolve: Resolved assembly: Microsoft.TestPlatform.TestHostRuntimeProvider, from path: C:\Program Files\dotnet\sdk\6.0.100-preview.7.21379.14\Extensions\Microsoft.TestPlatform.TestHostRuntimeProvider.dll
TpTrace Information: 0 : 16432, 1, 2021/08/23, 11:52:08.206, 1716187788938, vstest.console.dll, AssemblyResolver.OnResolve: Microsoft.VisualStudio.TestPlatform.Extensions.Html.TestLogger: Resolving assembly.
TpTrace Information: 0 : 16432, 1, 2021/08/23, 11:52:08.206, 1716187790309, vstest.console.dll, AssemblyResolver.OnResolve: Microsoft.VisualStudio.TestPlatform.Extensions.Html.TestLogger: Searching in: 'C:\Program Files\dotnet\sdk\6.0.100-preview.7.21379.14\Extensions'.
TpTrace Information: 0 : 16432, 1, 2021/08/23, 11:52:08.207, 1716187794673, vstest.console.dll, AssemblyResolver.OnResolve: Microsoft.VisualStudio.TestPlatform.Extensions.Html.TestLogger: Loading assembly 'C:\Program Files\dotnet\sdk\6.0.100-preview.7.21379.14\Extensions\Microsoft.VisualStudio.TestPlatform.Extensions.Html.TestLogger.dll'.
TpTrace Information: 0 : 16432, 1, 2021/08/23, 11:52:08.208, 1716187810007, vstest.console.dll, AssemblyResolver.OnResolve: Resolved assembly: Microsoft.VisualStudio.TestPlatform.Extensions.Html.TestLogger, from path: C:\Program Files\dotnet\sdk\6.0.100-preview.7.21379.14\Extensions\Microsoft.VisualStudio.TestPlatform.Extensions.Html.TestLogger.dll
TpTrace Information: 0 : 16432, 1, 2021/08/23, 11:52:08.209, 1716187816270, vstest.console.dll, AssemblyResolver.OnResolve: Microsoft.VisualStudio.TestPlatform.Extensions.Trx.TestLogger: Resolving assembly.
TpTrace Information: 0 : 16432, 1, 2021/08/23, 11:52:08.209, 1716187817921, vstest.console.dll, AssemblyResolver.OnResolve: Microsoft.VisualStudio.TestPlatform.Extensions.Trx.TestLogger: Searching in: 'C:\Program Files\dotnet\sdk\6.0.100-preview.7.21379.14\Extensions'.
TpTrace Information: 0 : 16432, 1, 2021/08/23, 11:52:08.209, 1716187821743, vstest.console.dll, AssemblyResolver.OnResolve: Microsoft.VisualStudio.TestPlatform.Extensions.Trx.TestLogger: Loading assembly 'C:\Program Files\dotnet\sdk\6.0.100-preview.7.21379.14\Extensions\Microsoft.VisualStudio.TestPlatform.Extensions.Trx.TestLogger.dll'.
TpTrace Information: 0 : 16432, 1, 2021/08/23, 11:52:08.210, 1716187828549, vstest.console.dll, AssemblyResolver.OnResolve: Resolved assembly: Microsoft.VisualStudio.TestPlatform.Extensions.Trx.TestLogger, from path: C:\Program Files\dotnet\sdk\6.0.100-preview.7.21379.14\Extensions\Microsoft.VisualStudio.TestPlatform.Extensions.Trx.TestLogger.dll
TpTrace Verbose: 0 : 16432, 1, 2021/08/23, 11:52:08.211, 1716187836997, vstest.console.dll, TestPluginCache: Discovered the extensions using extension path ''.
TpTrace Verbose: 0 : 16432, 1, 2021/08/23, 11:52:08.211, 1716187838755, vstest.console.dll, TestPluginCache: Discoverers are ''.
TpTrace Verbose: 0 : 16432, 1, 2021/08/23, 11:52:08.211, 1716187839526, vstest.console.dll, TestPluginCache: Executors are ''.
TpTrace Verbose: 0 : 16432, 1, 2021/08/23, 11:52:08.211, 1716187840344, vstest.console.dll, TestPluginCache: Executors2 are ''.
TpTrace Verbose: 0 : 16432, 1, 2021/08/23, 11:52:08.211, 1716187840990, vstest.console.dll, TestPluginCache: Setting providers are ''.
TpTrace Verbose: 0 : 16432, 1, 2021/08/23, 11:52:08.211, 1716187841581, vstest.console.dll, TestPluginCache: Loggers are ''.
TpTrace Information: 0 : 16432, 1, 2021/08/23, 11:52:08.218, 1716187910531, vstest.console.dll, RunTestsArgumentProcessor:Execute: Test run is starting.
TpTrace Verbose: 0 : 16432, 1, 2021/08/23, 11:52:08.218, 1716187911990, vstest.console.dll, RunTestsArgumentProcessor:Execute: Queuing Test run.
TpTrace Information: 0 : 16432, 1, 2021/08/23, 11:52:08.219, 1716187915915, vstest.console.dll, TestRequestManager.RunTests: run tests started.
TpTrace Information: 0 : 16432, 1, 2021/08/23, 11:52:08.300, 1716188730481, vstest.console.dll, AssemblyMetadataProvider.GetFrameWork: Determined framework:'.NETCoreApp,Version=v5.0' for source: 'C:\Users\Ehlimana\source\repos\MetrikeRefaktoringCodeTuning\MetrikeRefaktoringCodeTuning\bin\Debug\net5.0\fine-code-coverage\build-output\MetrikeRefaktoringCodeTuning.dll'
TpTrace Information: 0 : 16432, 1, 2021/08/23, 11:52:08.301, 1716188741428, vstest.console.dll, Determined framework for all sources: .NETCoreApp,Version=v5.0
TpTrace Information: 0 : 16432, 1, 2021/08/23, 11:52:08.302, 1716188753303, vstest.console.dll, AssemblyMetadataProvider.GetArchitecture: Determined architecture:AnyCPU info for assembly: C:\Users\Ehlimana\source\repos\MetrikeRefaktoringCodeTuning\MetrikeRefaktoringCodeTuning\bin\Debug\net5.0\fine-code-coverage\build-output\MetrikeRefaktoringCodeTuning.dll
TpTrace Information: 0 : 16432, 1, 2021/08/23, 11:52:08.308, 1716188809924, vstest.console.dll, Determined platform for all sources: X64
TpTrace Information: 0 : 16432, 1, 2021/08/23, 11:52:08.315, 1716188880548, vstest.console.dll, Compatible sources list : 
TpTrace Information: 0 : 16432, 1, 2021/08/23, 11:52:08.315, 1716188883524, vstest.console.dll, C:\Users\Ehlimana\source\repos\MetrikeRefaktoringCodeTuning\MetrikeRefaktoringCodeTuning\bin\Debug\net5.0\fine-code-coverage\build-output\MetrikeRefaktoringCodeTuning.dll
TpTrace Information: 0 : 16432, 1, 2021/08/23, 11:52:08.321, 1716188941690, vstest.console.dll, InferRunSettingsHelper.IsTestSettingsEnabled: Unable to navigate to RunSettings/MSTest. Current node: RunSettings
TpTrace Information: 0 : 16432, 1, 2021/08/23, 11:52:08.322, 1716188953560, vstest.console.dll, AssemblyResolver.OnResolve: Microsoft.VisualStudio.TestPlatform.Fakes: Resolving assembly.
TpTrace Information: 0 : 16432, 1, 2021/08/23, 11:52:08.323, 1716188954829, vstest.console.dll, AssemblyResolver.OnResolve: Microsoft.VisualStudio.TestPlatform.Fakes: Searching in: 'C:\Program Files\dotnet\sdk\6.0.100-preview.7.21379.14\Extensions'.
TpTrace Information: 0 : 16432, 1, 2021/08/23, 11:52:08.323, 1716188956588, vstest.console.dll, AssemblyResolver.OnResolve: Microsoft.VisualStudio.TestPlatform.Fakes: Assembly path does not exist: 'C:\Program Files\dotnet\sdk\6.0.100-preview.7.21379.14\Extensions\Microsoft.VisualStudio.TestPlatform.Fakes.dll', returning.
TpTrace Information: 0 : 16432, 1, 2021/08/23, 11:52:08.323, 1716188957844, vstest.console.dll, AssemblyResolver.OnResolve: Microsoft.VisualStudio.TestPlatform.Fakes: Assembly path does not exist: 'C:\Program Files\dotnet\sdk\6.0.100-preview.7.21379.14\Extensions\Microsoft.VisualStudio.TestPlatform.Fakes.exe', returning.
TpTrace Information: 0 : 16432, 1, 2021/08/23, 11:52:08.323, 1716188958477, vstest.console.dll, AssemblyResolver.OnResolve: Microsoft.VisualStudio.TestPlatform.Fakes: Searching in: 'C:\Program Files\dotnet\sdk\6.0.100-preview.7.21379.14'.
TpTrace Information: 0 : 16432, 1, 2021/08/23, 11:52:08.323, 1716188959614, vstest.console.dll, AssemblyResolver.OnResolve: Microsoft.VisualStudio.TestPlatform.Fakes: Assembly path does not exist: 'C:\Program Files\dotnet\sdk\6.0.100-preview.7.21379.14\Microsoft.VisualStudio.TestPlatform.Fakes.dll', returning.
TpTrace Information: 0 : 16432, 1, 2021/08/23, 11:52:08.323, 1716188960825, vstest.console.dll, AssemblyResolver.OnResolve: Microsoft.VisualStudio.TestPlatform.Fakes: Assembly path does not exist: 'C:\Program Files\dotnet\sdk\6.0.100-preview.7.21379.14\Microsoft.VisualStudio.TestPlatform.Fakes.exe', returning.
TpTrace Information: 0 : 16432, 1, 2021/08/23, 11:52:08.323, 1716188961422, vstest.console.dll, AssemblyResolver.OnResolve: Microsoft.VisualStudio.TestPlatform.Fakes: Failed to load assembly.
TpTrace Information: 0 : 16432, 1, 2021/08/23, 11:52:08.324, 1716188965426, vstest.console.dll, Failed to load assembly Microsoft.VisualStudio.TestPlatform.Fakes, Version=17.0.0.0, Culture=neutral. Reason:System.IO.FileNotFoundException: Could not load file or assembly 'Microsoft.VisualStudio.TestPlatform.Fakes, Version=17.0.0.0, Culture=neutral, PublicKeyToken=null'. The system cannot find the file specified.
File name: 'Microsoft.VisualStudio.TestPlatform.Fakes, Version=17.0.0.0, Culture=neutral, PublicKeyToken=null'
   at System.Reflection.RuntimeAssembly.InternalLoad(ObjectHandleOnStack assemblyName, ObjectHandleOnStack requestingAssembly, StackCrawlMarkHandle stackMark, Boolean throwOnFileNotFound, ObjectHandleOnStack assemblyLoadContext, ObjectHandleOnStack retAssembly) in System.Private.CoreLib.dll:token 0x600534c+0x8
   at System.Reflection.RuntimeAssembly.InternalLoad(AssemblyName assemblyName, RuntimeAssembly requestingAssembly, StackCrawlMark& stackMark, Boolean throwOnFileNotFound, AssemblyLoadContext assemblyLoadContext) in System.Private.CoreLib.dll:token 0x600534b+0x16
   at System.Reflection.Assembly.Load(AssemblyName assemblyRef) in System.Private.CoreLib.dll:token 0x6005142+0xe
   at Microsoft.VisualStudio.TestPlatform.Common.Utilities.FakesUtilities.LoadTestPlatformAssembly() in Microsoft.VisualStudio.TestPlatform.Common.dll:token 0x600007c+0xa
TpTrace Verbose: 0 : 16432, 1, 2021/08/23, 11:52:08.329, 1716189019496, vstest.console.dll, TestPluginCache.DiscoverTestExtensions: finding test extensions in assemblies ends with: TestLogger.dll TPluginInfo: Microsoft.VisualStudio.TestPlatform.Common.ExtensionFramework.Utilities.TestLoggerPluginInformation TExtension: Microsoft.VisualStudio.TestPlatform.ObjectModel.Client.ITestLogger
TpTrace Verbose: 0 : 16432, 1, 2021/08/23, 11:52:08.329, 1716189020900, vstest.console.dll, TestPluginCache.GetExtensionPaths: Filtered extension paths: 
TpTrace Verbose: 0 : 16432, 1, 2021/08/23, 11:52:08.329, 1716189021535, vstest.console.dll, TestPluginCache.GetExtensionPaths: Added default extension paths: C:\Program Files\dotnet\sdk\6.0.100-preview.7.21379.14\Extensions\Microsoft.Diagnostics.NETCore.Client.dll
C:\Program Files\dotnet\sdk\6.0.100-preview.7.21379.14\Extensions\Microsoft.TestPlatform.Extensions.BlameDataCollector.dll
C:\Program Files\dotnet\sdk\6.0.100-preview.7.21379.14\Extensions\Microsoft.TestPlatform.Extensions.EventLogCollector.dll
C:\Program Files\dotnet\sdk\6.0.100-preview.7.21379.14\Extensions\Microsoft.TestPlatform.TestHostRuntimeProvider.dll
C:\Program Files\dotnet\sdk\6.0.100-preview.7.21379.14\Extensions\Microsoft.VisualStudio.TestPlatform.Extensions.Html.TestLogger.dll
C:\Program Files\dotnet\sdk\6.0.100-preview.7.21379.14\Extensions\Microsoft.VisualStudio.TestPlatform.Extensions.Trx.TestLogger.dll
TpTrace Verbose: 0 : 16432, 1, 2021/08/23, 11:52:08.329, 1716189022280, vstest.console.dll, TestPluginCache.GetExtensionPaths: Added unfilterableExtensionPaths: 
TpTrace Information: 0 : 16432, 1, 2021/08/23, 11:52:08.329, 1716189024329, vstest.console.dll, AssemblyResolver.AddSearchDirectories: Adding more searchDirectories C:\Program Files\dotnet\sdk\6.0.100-preview.7.21379.14\Extensions,C:\Program Files\dotnet\sdk\6.0.100-preview.7.21379.14
TpTrace Verbose: 0 : 16432, 1, 2021/08/23, 11:52:08.330, 1716189025342, vstest.console.dll, TestPluginCache.DiscoverTestExtensions: Discovering the extensions using extension path.
TpTrace Verbose: 0 : 16432, 1, 2021/08/23, 11:52:08.330, 1716189025962, vstest.console.dll, TestPluginCache.GetExtensionPaths: Filtered extension paths: 
TpTrace Verbose: 0 : 16432, 1, 2021/08/23, 11:52:08.330, 1716189026502, vstest.console.dll, TestPluginCache.GetExtensionPaths: Added default extension paths: C:\Program Files\dotnet\sdk\6.0.100-preview.7.21379.14\Extensions\Microsoft.Diagnostics.NETCore.Client.dll
C:\Program Files\dotnet\sdk\6.0.100-preview.7.21379.14\Extensions\Microsoft.TestPlatform.Extensions.BlameDataCollector.dll
C:\Program Files\dotnet\sdk\6.0.100-preview.7.21379.14\Extensions\Microsoft.TestPlatform.Extensions.EventLogCollector.dll
C:\Program Files\dotnet\sdk\6.0.100-preview.7.21379.14\Extensions\Microsoft.TestPlatform.TestHostRuntimeProvider.dll
C:\Program Files\dotnet\sdk\6.0.100-preview.7.21379.14\Extensions\Microsoft.VisualStudio.TestPlatform.Extensions.Html.TestLogger.dll
C:\Program Files\dotnet\sdk\6.0.100-preview.7.21379.14\Extensions\Microsoft.VisualStudio.TestPlatform.Extensions.Trx.TestLogger.dll
TpTrace Verbose: 0 : 16432, 1, 2021/08/23, 11:52:08.330, 1716189027125, vstest.console.dll, TestPluginCache.GetExtensionPaths: Added unfilterableExtensionPaths: 
TpTrace Verbose: 0 : 16432, 1, 2021/08/23, 11:52:08.330, 1716189027659, vstest.console.dll, TestPluginCache.DiscoverTestExtensions: Discovering the extensions using allExtensionPaths: C:\Program Files\dotnet\sdk\6.0.100-preview.7.21379.14\Extensions\Microsoft.Diagnostics.NETCore.Client.dll
C:\Program Files\dotnet\sdk\6.0.100-preview.7.21379.14\Extensions\Microsoft.TestPlatform.Extensions.BlameDataCollector.dll
C:\Program Files\dotnet\sdk\6.0.100-preview.7.21379.14\Extensions\Microsoft.TestPlatform.Extensions.EventLogCollector.dll
C:\Program Files\dotnet\sdk\6.0.100-preview.7.21379.14\Extensions\Microsoft.TestPlatform.TestHostRuntimeProvider.dll
C:\Program Files\dotnet\sdk\6.0.100-preview.7.21379.14\Extensions\Microsoft.VisualStudio.TestPlatform.Extensions.Html.TestLogger.dll
C:\Program Files\dotnet\sdk\6.0.100-preview.7.21379.14\Extensions\Microsoft.VisualStudio.TestPlatform.Extensions.Trx.TestLogger.dll
TpTrace Information: 0 : 16432, 1, 2021/08/23, 11:52:08.330, 1716189028548, vstest.console.dll, AssemblyResolver.AddSearchDirectories: Adding more searchDirectories C:\Program Files\dotnet\sdk\6.0.100-preview.7.21379.14\Extensions,C:\Program Files\dotnet\sdk\6.0.100-preview.7.21379.14
TpTrace Information: 0 : 16432, 1, 2021/08/23, 11:52:08.330, 1716189029149, vstest.console.dll, AssemblyResolver.AddSearchDirectories: Adding more searchDirectories C:\Program Files\dotnet\sdk\6.0.100-preview.7.21379.14\Extensions,C:\Program Files\dotnet\sdk\6.0.100-preview.7.21379.14
TpTrace Information: 0 : 16432, 1, 2021/08/23, 11:52:08.330, 1716189030250, vstest.console.dll, AssemblyResolver.AddSearchDirectories: Adding more searchDirectories C:\Program Files\dotnet\sdk\6.0.100-preview.7.21379.14\Extensions,C:\Program Files\dotnet\sdk\6.0.100-preview.7.21379.14
TpTrace Information: 0 : 16432, 1, 2021/08/23, 11:52:08.330, 1716189030877, vstest.console.dll, AssemblyResolver.AddSearchDirectories: Adding more searchDirectories C:\Program Files\dotnet\sdk\6.0.100-preview.7.21379.14\Extensions,C:\Program Files\dotnet\sdk\6.0.100-preview.7.21379.14
TpTrace Information: 0 : 16432, 1, 2021/08/23, 11:52:08.330, 1716189031468, vstest.console.dll, AssemblyResolver.AddSearchDirectories: Adding more searchDirectories C:\Program Files\dotnet\sdk\6.0.100-preview.7.21379.14\Extensions,C:\Program Files\dotnet\sdk\6.0.100-preview.7.21379.14
TpTrace Information: 0 : 16432, 1, 2021/08/23, 11:52:08.330, 1716189032056, vstest.console.dll, AssemblyResolver.AddSearchDirectories: Adding more searchDirectories C:\Program Files\dotnet\sdk\6.0.100-preview.7.21379.14\Extensions,C:\Program Files\dotnet\sdk\6.0.100-preview.7.21379.14
TpTrace Information: 0 : 16432, 1, 2021/08/23, 11:52:08.332, 1716189053257, vstest.console.dll, AssemblyResolver.OnResolve: Microsoft.Bcl.AsyncInterfaces: Resolving assembly.
TpTrace Information: 0 : 16432, 1, 2021/08/23, 11:52:08.333, 1716189054769, vstest.console.dll, AssemblyResolver.OnResolve: Microsoft.Bcl.AsyncInterfaces: Resolved from cache.
TpTrace Verbose: 0 : 16432, 1, 2021/08/23, 11:52:08.333, 1716189055605, vstest.console.dll, CurrentDomainAssemblyResolve: Resolving assembly 'Microsoft.Bcl.AsyncInterfaces'.
TpTrace Information: 0 : 16432, 1, 2021/08/23, 11:52:08.333, 1716189057081, vstest.console.dll, AssemblyResolver.OnResolve: Microsoft.Bcl.AsyncInterfaces: Resolving assembly.
TpTrace Information: 0 : 16432, 1, 2021/08/23, 11:52:08.333, 1716189057705, vstest.console.dll, AssemblyResolver.OnResolve: Microsoft.Bcl.AsyncInterfaces: Resolved from cache.
TpTrace Verbose: 0 : 16432, 1, 2021/08/23, 11:52:08.333, 1716189058331, vstest.console.dll, CurrentDomainAssemblyResolve: Resolving assembly 'Microsoft.Bcl.AsyncInterfaces'.
TpTrace Verbose: 0 : 16432, 1, 2021/08/23, 11:52:08.333, 1716189058797, vstest.console.dll, CurrentDomainAssemblyResolve: Failed to resolve assembly 'Microsoft.Bcl.AsyncInterfaces'.
TpTrace Verbose: 0 : 16432, 1, 2021/08/23, 11:52:08.333, 1716189060485, vstest.console.dll, CurrentDomainAssemblyResolve: Failed to resolve assembly 'Microsoft.Bcl.AsyncInterfaces'.
TpTrace Warning: 0 : 16432, 1, 2021/08/23, 11:52:08.334, 1716189065016, vstest.console.dll, TestPluginDiscoverer: Failed to get types from assembly 'Microsoft.Diagnostics.NETCore.Client, Version=0.2.4.21401, Culture=neutral, PublicKeyToken=31bf3856ad364e35'.  Skipping test extension scan for this assembly.  Error: System.Reflection.ReflectionTypeLoadException: Unable to load one or more of the requested types.
Could not load file or assembly 'Microsoft.Bcl.AsyncInterfaces, Version=1.0.0.0, Culture=neutral, PublicKeyToken=cc7b13ffcd2ddd51'. The system cannot find the file specified.
   at System.Reflection.RuntimeModule.GetTypes(RuntimeModule module)
   at System.Reflection.Assembly.GetTypes() in System.Private.CoreLib.dll:token 0x600514d+0x0
   at Microsoft.VisualStudio.TestPlatform.Common.ExtensionFramework.TestPluginDiscoverer.GetTestExtensionsFromAssembly[TPluginInfo,TExtension](Assembly assembly, Dictionary`2 pluginInfos) in Microsoft.VisualStudio.TestPlatform.Common.dll:token 0x60001af+0x1a
System.IO.FileNotFoundException: Could not load file or assembly 'Microsoft.Bcl.AsyncInterfaces, Version=1.0.0.0, Culture=neutral, PublicKeyToken=cc7b13ffcd2ddd51'. The system cannot find the file specified.
File name: 'Microsoft.Bcl.AsyncInterfaces, Version=1.0.0.0, Culture=neutral, PublicKeyToken=cc7b13ffcd2ddd51'
 ---> System.IO.FileNotFoundException: Could not load file or assembly 'Microsoft.Bcl.AsyncInterfaces, Culture=neutral, PublicKeyToken=null'. The system cannot find the file specified.
File name: 'Microsoft.Bcl.AsyncInterfaces, Culture=neutral, PublicKeyToken=null'
   at System.Reflection.RuntimeAssembly.InternalLoad(ObjectHandleOnStack assemblyName, ObjectHandleOnStack requestingAssembly, StackCrawlMarkHandle stackMark, Boolean throwOnFileNotFound, ObjectHandleOnStack assemblyLoadContext, ObjectHandleOnStack retAssembly) in System.Private.CoreLib.dll:token 0x600534c+0x8
   at System.Reflection.RuntimeAssembly.InternalLoad(AssemblyName assemblyName, RuntimeAssembly requestingAssembly, StackCrawlMark& stackMark, Boolean throwOnFileNotFound, AssemblyLoadContext assemblyLoadContext) in System.Private.CoreLib.dll:token 0x600534b+0x16
   at System.Reflection.Assembly.Load(AssemblyName assemblyRef) in System.Private.CoreLib.dll:token 0x6005142+0xe
   at Microsoft.VisualStudio.TestPlatform.Common.ExtensionFramework.TestPluginCache.CurrentDomainAssemblyResolve(Object sender, AssemblyResolveEventArgs args) in Microsoft.VisualStudio.TestPlatform.Common.dll:token 0x60001a9+0x64
   at Microsoft.VisualStudio.TestPlatform.PlatformAbstractions.PlatformAssemblyResolver.AssemblyResolverEvent(Object sender, Object eventArgs) in Microsoft.TestPlatform.PlatformAbstractions.dll:token 0x600004a+0x1c
   at System.Runtime.Loader.AssemblyLoadContext.GetFirstResolvedAssemblyFromResolvingEvent(AssemblyName assemblyName) in System.Private.CoreLib.dll:token 0x6003b3f+0x24
   at System.Runtime.Loader.AssemblyLoadContext.ResolveUsingEvent(AssemblyName assemblyName) in System.Private.CoreLib.dll:token 0x6003b42+0x7
   at System.Runtime.Loader.AssemblyLoadContext.ResolveUsingResolvingEvent(IntPtr gchManagedAssemblyLoadContext, AssemblyName assemblyName) in System.Private.CoreLib.dll:token 0x6003b03+0x7
TpTrace Warning: 0 : 16432, 1, 2021/08/23, 11:52:08.334, 1716189066977, vstest.console.dll, LoaderExceptions: System.IO.FileNotFoundException: Could not load file or assembly 'Microsoft.Bcl.AsyncInterfaces, Version=1.0.0.0, Culture=neutral, PublicKeyToken=cc7b13ffcd2ddd51'. The system cannot find the file specified.
File name: 'Microsoft.Bcl.AsyncInterfaces, Version=1.0.0.0, Culture=neutral, PublicKeyToken=cc7b13ffcd2ddd51'
 ---> System.IO.FileNotFoundException: Could not load file or assembly 'Microsoft.Bcl.AsyncInterfaces, Culture=neutral, PublicKeyToken=null'. The system cannot find the file specified.
File name: 'Microsoft.Bcl.AsyncInterfaces, Culture=neutral, PublicKeyToken=null'
   at System.Reflection.RuntimeAssembly.InternalLoad(ObjectHandleOnStack assemblyName, ObjectHandleOnStack requestingAssembly, StackCrawlMarkHandle stackMark, Boolean throwOnFileNotFound, ObjectHandleOnStack assemblyLoadContext, ObjectHandleOnStack retAssembly) in System.Private.CoreLib.dll:token 0x600534c+0x8
   at System.Reflection.RuntimeAssembly.InternalLoad(AssemblyName assemblyName, RuntimeAssembly requestingAssembly, StackCrawlMark& stackMark, Boolean throwOnFileNotFound, AssemblyLoadContext assemblyLoadContext) in System.Private.CoreLib.dll:token 0x600534b+0x16
   at System.Reflection.Assembly.Load(AssemblyName assemblyRef) in System.Private.CoreLib.dll:token 0x6005142+0xe
   at Microsoft.VisualStudio.TestPlatform.Common.ExtensionFramework.TestPluginCache.CurrentDomainAssemblyResolve(Object sender, AssemblyResolveEventArgs args) in Microsoft.VisualStudio.TestPlatform.Common.dll:token 0x60001a9+0x64
   at Microsoft.VisualStudio.TestPlatform.PlatformAbstractions.PlatformAssemblyResolver.AssemblyResolverEvent(Object sender, Object eventArgs) in Microsoft.TestPlatform.PlatformAbstractions.dll:token 0x600004a+0x1c
   at System.Runtime.Loader.AssemblyLoadContext.GetFirstResolvedAssemblyFromResolvingEvent(AssemblyName assemblyName) in System.Private.CoreLib.dll:token 0x6003b3f+0x24
   at System.Runtime.Loader.AssemblyLoadContext.ResolveUsingEvent(AssemblyName assemblyName) in System.Private.CoreLib.dll:token 0x6003b42+0x7
   at System.Runtime.Loader.AssemblyLoadContext.ResolveUsingResolvingEvent(IntPtr gchManagedAssemblyLoadContext, AssemblyName assemblyName) in System.Private.CoreLib.dll:token 0x6003b03+0x7
TpTrace Verbose: 0 : 16432, 1, 2021/08/23, 11:52:08.334, 1716189071992, vstest.console.dll, TestPluginCache: Discovered the extensions using extension path ''.
TpTrace Verbose: 0 : 16432, 1, 2021/08/23, 11:52:08.334, 1716189072932, vstest.console.dll, TestPluginCache: Discoverers are ''.
TpTrace Verbose: 0 : 16432, 1, 2021/08/23, 11:52:08.334, 1716189073427, vstest.console.dll, TestPluginCache: Executors are ''.
TpTrace Verbose: 0 : 16432, 1, 2021/08/23, 11:52:08.334, 1716189073834, vstest.console.dll, TestPluginCache: Executors2 are ''.
TpTrace Verbose: 0 : 16432, 1, 2021/08/23, 11:52:08.334, 1716189074238, vstest.console.dll, TestPluginCache: Setting providers are ''.
TpTrace Verbose: 0 : 16432, 1, 2021/08/23, 11:52:08.335, 1716189075385, vstest.console.dll, TestPluginCache: Loggers are 'logger://Microsoft/TestPlatform/Extensions/Blame/v1,logger://Microsoft/TestPlatform/HtmlLogger/v1,logger://Microsoft/TestPlatform/TrxLogger/v1'.
TpTrace Information: 0 : 16432, 1, 2021/08/23, 11:52:08.335, 1716189081956, vstest.console.dll, TestPluginManager.CreateTestExtension: Attempting to load test extension: Microsoft.TestPlatform.Extensions.BlameDataCollector.BlameLogger
TpTrace Information: 0 : 16432, 1, 2021/08/23, 11:52:08.342, 1716189147056, vstest.console.dll, TestPluginManager.CreateTestExtension: Attempting to load test extension: Microsoft.VisualStudio.TestPlatform.CrossPlatEngine.Hosting.DefaultTestHostManager
TpTrace Information: 0 : 16432, 1, 2021/08/23, 11:52:08.342, 1716189151932, vstest.console.dll, TestPluginManager.CreateTestExtension: Attempting to load test extension: Microsoft.VisualStudio.TestPlatform.CrossPlatEngine.Hosting.DotnetTestHostManager
TpTrace Verbose: 0 : 16432, 1, 2021/08/23, 11:52:08.343, 1716189162863, vstest.console.dll, TestEngine: Initializing Parallel Execution as MaxCpuCount is set to: 1
TpTrace Information: 0 : 16432, 1, 2021/08/23, 11:52:08.344, 1716189172014, vstest.console.dll, InferRunSettingsHelper.IsTestSettingsEnabled: Unable to navigate to RunSettings/MSTest. Current node: RunSettings
TpTrace Verbose: 0 : 16432, 1, 2021/08/23, 11:52:08.361, 1716189339320, vstest.console.dll, TestRequestSender is acting as server
TpTrace Verbose: 0 : 16432, 5, 2021/08/23, 11:52:08.366, 1716189393976, vstest.console.dll, DataCollectionRequestSender.InitializeCommunication : Initialize communication. 
TpTrace Information: 0 : 16432, 5, 2021/08/23, 11:52:08.375, 1716189475703, vstest.console.dll, Listening on Endpoint : 127.0.0.1:49390
TpTrace Verbose: 0 : 16432, 5, 2021/08/23, 11:52:08.387, 1716189595037, vstest.console.dll, DotnetDataCollectionLauncher: Full path of dotnet.exe is C:\Program Files\dotnet\dotnet.exe
TpTrace Verbose: 0 : 16432, 5, 2021/08/23, 11:52:08.387, 1716189597149, vstest.console.dll, DotnetDataCollectionLauncher: Adding  --runtimeconfig "C:\Program Files\dotnet\sdk\6.0.100-preview.7.21379.14\datacollector.runtimeconfig.json" in args
TpTrace Verbose: 0 : 16432, 5, 2021/08/23, 11:52:08.387, 1716189598176, vstest.console.dll, DotnetDataCollectionLauncher: Adding  --depsfile "C:\Program Files\dotnet\sdk\6.0.100-preview.7.21379.14\datacollector.deps.json" in args
TpTrace Information: 0 : 16432, 5, 2021/08/23, 11:52:08.397, 1716189696290, vstest.console.dll, ProxyDataCollectionManager.Initialize: Launched datacollector processId: 3876 port: 49390
TpTrace Information: 0 : 16432, 5, 2021/08/23, 11:52:08.397, 1716189699140, vstest.console.dll, ProxyDataCollectionManager.Initialize: waiting for connection with timeout: 90 seconds
TpTrace Verbose: 0 : 16432, 5, 2021/08/23, 11:52:08.397, 1716189700801, vstest.console.dll, DataCollectionRequestSender.WaitForRequestHandlerConnection : Waiting for connection with timeout: 90000
TpTrace Information: 0 : 16432, 8, 2021/08/23, 11:52:08.578, 1716191508959, vstest.console.dll, Using the buffer size of 16384 bytes
TpTrace Verbose: 0 : 16432, 5, 2021/08/23, 11:52:08.578, 1716191509558, vstest.console.dll, ProxyDataCollectionManager.InvokeDataCollectionServiceAction: Starting.
TpTrace Information: 0 : 16432, 8, 2021/08/23, 11:52:08.578, 1716191511217, vstest.console.dll, Accepted Client request and set the flag
TpTrace Information: 0 : 16432, 5, 2021/08/23, 11:52:08.578, 1716191512726, vstest.console.dll, ProxyDataCollectionManager.BeforeTestRunStart: Get environment variable and port for datacollector processId: 3876 port: 49390
TpTrace Verbose: 0 : 16432, 5, 2021/08/23, 11:52:08.579, 1716191515124, vstest.console.dll, DataCollectionRequestSender.SendBeforeTestRunStartAndGetResult : Send BeforeTestRunStart message with settingsXml <RunSettings><RunConfiguration><ResultsDirectory>C:\Users\Ehlimana\source\repos\MetrikeRefaktoringCodeTuning\MetrikeRefaktoringCodeTuning\bin\Debug\net5.0\fine-code-coverage\coverage-tool-output</ResultsDirectory><TargetPlatform>X64</TargetPlatform><TargetFrameworkVersion>.NETCoreApp,Version=v5.0</TargetFrameworkVersion><DesignMode>False</DesignMode><CollectSourceInformation>False</CollectSourceInformation><TestAdaptersPaths>C:\Program Files\dotnet\sdk\6.0.100-preview.7.21379.14\Extensions</TestAdaptersPaths></RunConfiguration><LoggerRunSettings><Loggers><Logger friendlyName="blame" enabled="True" /><Logger friendlyName="Console" uri="logger://microsoft/TestPlatform/ConsoleLogger/v1" assemblyQualifiedName="Microsoft.VisualStudio.TestPlatform.CommandLine.Internal.ConsoleLogger, vstest.console, Version=15.0.0.0, Culture=neutral, PublicKeyToken=b03f5f7f11d50a3a" codeBase="C:\Program Files\dotnet\sdk\6.0.100-preview.7.21379.14\vstest.console.dll" enabled="True" /></Loggers></LoggerRunSettings><DataCollectionRunSettings><DataCollectors><DataCollector friendlyName="blame" enabled="True"><Configuration><ResultsDirectory>C:\Users\Ehlimana\source\repos\MetrikeRefaktoringCodeTuning\MetrikeRefaktoringCodeTuning\bin\Debug\net5.0\fine-code-coverage\coverage-tool-output</ResultsDirectory></Configuration></DataCollector></DataCollectors></DataCollectionRunSettings></RunSettings> and sources System.Linq.Enumerable+Concat2Iterator`1[System.String]: 
TpTrace Verbose: 0 : 16432, 5, 2021/08/23, 11:52:08.667, 1716192403869, vstest.console.dll, DataCollectionRequestSender.SendBeforeTestRunStartAndGetResult : Received message: (DataCollection.SendMessage) -> {
  "FriendlyName": null,
  "Uri": null,
  "TestCaseId": "00000000-0000-0000-0000-000000000000",
  "Message": "Logging DataCollector Diagnostics in file: C:\\Users\\Ehlimana\\source\\repos\\MetrikeRefaktoringCodeTuning\\MetrikeRefaktoringCodeTuning\\bin\\Debug\\net5.0\\fine-code-coverage\\coverage-tool-output\\diagnostics.datacollector.21-08-23_11-52-08_38287_5.log",
  "Level": 0
}
TpTrace Verbose: 0 : 16432, 5, 2021/08/23, 11:52:08.773, 1716193458085, vstest.console.dll, DataCollectionRequestSender.SendBeforeTestRunStartAndGetResult : Received message: (DataCollection.BeforeTestRunStartResult) -> {
  "EnvironmentVariables": {},
  "DataCollectionEventsPort": 49392
}
TpTrace Information: 0 : 16432, 5, 2021/08/23, 11:52:08.780, 1716193529428, vstest.console.dll, ProxyDataCollectionManager.BeforeTestRunStart: SendBeforeTestRunStartAndGetResult successful, env variable from datacollector:   and testhost port: 49392
TpTrace Information: 0 : 16432, 5, 2021/08/23, 11:52:08.780, 1716193531248, vstest.console.dll, ProxyDataCollectionManager.InvokeDataCollectionServiceAction: Completed.
TpTrace Verbose: 0 : 16432, 1, 2021/08/23, 11:52:08.780, 1716193532938, vstest.console.dll, TestRunRequest.ExecuteAsync: Creating test run request.
TpTrace Verbose: 0 : 16432, 1, 2021/08/23, 11:52:08.781, 1716193536118, vstest.console.dll, TestRunRequest.ExecuteAsync: Starting.
TpTrace Information: 0 : 16432, 1, 2021/08/23, 11:52:08.781, 1716193539744, vstest.console.dll, TestRunRequest.ExecuteAsync: Starting run with settings:TestRunCriteria:
   KeepAlive=False,FrequencyOfRunStatsChangeEvent=10,RunStatsChangeEventTimeout=00:00:01.5000000,TestCaseFilter=,TestExecutorLauncher=
   Settingsxml=<RunSettings>
  <RunConfiguration>
    <ResultsDirectory>C:\Users\Ehlimana\source\repos\MetrikeRefaktoringCodeTuning\MetrikeRefaktoringCodeTuning\bin\Debug\net5.0\fine-code-coverage\coverage-tool-output</ResultsDirectory>
    <TargetPlatform>X64</TargetPlatform>
    <TargetFrameworkVersion>.NETCoreApp,Version=v5.0</TargetFrameworkVersion>
    <DesignMode>False</DesignMode>
    <CollectSourceInformation>False</CollectSourceInformation>
  </RunConfiguration>
  <LoggerRunSettings>
    <Loggers>
      <Logger friendlyName="blame" enabled="True" />
      <Logger friendlyName="Console" uri="logger://microsoft/TestPlatform/ConsoleLogger/v1" assemblyQualifiedName="Microsoft.VisualStudio.TestPlatform.CommandLine.Internal.ConsoleLogger, vstest.console, Version=15.0.0.0, Culture=neutral, PublicKeyToken=b03f5f7f11d50a3a" codeBase="C:\Program Files\dotnet\sdk\6.0.100-preview.7.21379.14\vstest.console.dll" enabled="True" />
    </Loggers>
  </LoggerRunSettings>
  <DataCollectionRunSettings>
    <DataCollectors>
      <DataCollector friendlyName="blame" enabled="True">
        <Configuration>
          <ResultsDirectory>C:\Users\Ehlimana\source\repos\MetrikeRefaktoringCodeTuning\MetrikeRefaktoringCodeTuning\bin\Debug\net5.0\fine-code-coverage\coverage-tool-output</ResultsDirectory>
        </Configuration>
      </DataCollector>
    </DataCollectors>
  </DataCollectionRunSettings>
</RunSettings>

TpTrace Verbose: 0 : 16432, 1, 2021/08/23, 11:52:08.781, 1716193540583, vstest.console.dll, TestRunRequest.ExecuteAsync: Wait for the first run request is over.
TpTrace Verbose: 0 : 16432, 1, 2021/08/23, 11:52:08.782, 1716193545266, vstest.console.dll, ParallelProxyExecutionManager: Start execution. Total sources: 1
TpTrace Information: 0 : 16432, 1, 2021/08/23, 11:52:08.783, 1716193554697, vstest.console.dll, ProxyParallelExecutionManager: Triggering test run for next source: C:\Users\Ehlimana\source\repos\MetrikeRefaktoringCodeTuning\MetrikeRefaktoringCodeTuning\bin\Debug\net5.0\fine-code-coverage\build-output\MetrikeRefaktoringCodeTuning.dll
TpTrace Verbose: 0 : 16432, 1, 2021/08/23, 11:52:08.783, 1716193557431, vstest.console.dll, ProxyParallelExecutionManager: No sources available for execution.
TpTrace Information: 0 : 16432, 1, 2021/08/23, 11:52:08.783, 1716193558213, vstest.console.dll, TestRunRequest.ExecuteAsync: Started.
TpTrace Verbose: 0 : 16432, 5, 2021/08/23, 11:52:08.783, 1716193557479, vstest.console.dll, ParallelProxyExecutionManager: Execution started. Started clients: 1
TpTrace Verbose: 0 : 16432, 1, 2021/08/23, 11:52:08.783, 1716193559150, vstest.console.dll, TestRunRequest.WaitForCompletion: Waiting with timeout -1.
TpTrace Verbose: 0 : 16432, 5, 2021/08/23, 11:52:08.783, 1716193562683, vstest.console.dll, TestRunRequest:SendTestRunMessage: Starting.
TpTrace Information: 0 : 16432, 5, 2021/08/23, 11:52:08.783, 1716193564311, vstest.console.dll, TestRunRequest:SendTestRunMessage: Completed.
TpTrace Verbose: 0 : 16432, 5, 2021/08/23, 11:52:08.784, 1716193566654, vstest.console.dll, ProxyExecutionManager: Test host is always Lazy initialize.
TpTrace Verbose: 0 : 16432, 5, 2021/08/23, 11:52:08.784, 1716193569263, vstest.console.dll, TestRequestSender.InitializeCommunication: initialize communication. 
TpTrace Information: 0 : 16432, 5, 2021/08/23, 11:52:08.785, 1716193574597, vstest.console.dll, SocketServer.Start: Listening on endpoint : 127.0.0.1:49393
TpTrace Verbose: 0 : 16432, 5, 2021/08/23, 11:52:08.785, 1716193583643, vstest.console.dll, DotnetTestHostmanager: Adding  --runtimeconfig "C:\Users\Ehlimana\source\repos\MetrikeRefaktoringCodeTuning\MetrikeRefaktoringCodeTuning\bin\Debug\net5.0\fine-code-coverage\build-output\MetrikeRefaktoringCodeTuning.runtimeconfig.json" in args
TpTrace Verbose: 0 : 16432, 5, 2021/08/23, 11:52:08.786, 1716193585584, vstest.console.dll, DotnetTestHostmanager: Adding  --depsfile "C:\Users\Ehlimana\source\repos\MetrikeRefaktoringCodeTuning\MetrikeRefaktoringCodeTuning\bin\Debug\net5.0\fine-code-coverage\build-output\MetrikeRefaktoringCodeTuning.deps.json" in args
TpTrace Verbose: 0 : 16432, 5, 2021/08/23, 11:52:08.786, 1716193588279, vstest.console.dll, DotnetTestHostManager: Testhost.exe/testhost.x86.exe found at path: C:\Users\Ehlimana\source\repos\MetrikeRefaktoringCodeTuning\MetrikeRefaktoringCodeTuning\bin\Debug\net5.0\fine-code-coverage\build-output\testhost.exe
TpTrace Verbose: 0 : 16432, 5, 2021/08/23, 11:52:08.786, 1716193589047, vstest.console.dll, DotnetTestHostmanager: Full path of host exe is C:\Users\Ehlimana\source\repos\MetrikeRefaktoringCodeTuning\MetrikeRefaktoringCodeTuning\bin\Debug\net5.0\fine-code-coverage\build-output\testhost.exe
TpTrace Verbose: 0 : 16432, 7, 2021/08/23, 11:52:08.787, 1716193598565, vstest.console.dll, DotnetTestHostManager: Starting process 'C:\Users\Ehlimana\source\repos\MetrikeRefaktoringCodeTuning\MetrikeRefaktoringCodeTuning\bin\Debug\net5.0\fine-code-coverage\build-output\testhost.exe' with command line ' --runtimeconfig "C:\Users\Ehlimana\source\repos\MetrikeRefaktoringCodeTuning\MetrikeRefaktoringCodeTuning\bin\Debug\net5.0\fine-code-coverage\build-output\MetrikeRefaktoringCodeTuning.runtimeconfig.json" --depsfile "C:\Users\Ehlimana\source\repos\MetrikeRefaktoringCodeTuning\MetrikeRefaktoringCodeTuning\bin\Debug\net5.0\fine-code-coverage\build-output\MetrikeRefaktoringCodeTuning.deps.json" --port 49393 --endpoint 127.0.0.1:049393 --role client --parentprocessid 16432 --diag "C:\Users\Ehlimana\source\repos\MetrikeRefaktoringCodeTuning\MetrikeRefaktoringCodeTuning\bin\Debug\net5.0\fine-code-coverage\coverage-tool-output\diagnostics.host.21-08-23_11-52-08_78539_5.log" --tracelevel 4 --datacollectionport 49392 --telemetryoptedin false'
TpTrace Verbose: 0 : 16432, 7, 2021/08/23, 11:52:08.795, 1716193683029, vstest.console.dll, Test Runtime launched
TpTrace Verbose: 0 : 16432, 5, 2021/08/23, 11:52:08.797, 1716193696749, vstest.console.dll, TestRequestSender.WaitForRequestHandlerConnection: waiting for connection with timeout: 90000
TpTrace Verbose: 0 : 16432, 7, 2021/08/23, 11:52:09.093, 1716196656091, vstest.console.dll, SocketServer.OnClientConnected: Client connected for endPoint: 127.0.0.1:49393, starting MessageLoopAsync:
TpTrace Verbose: 0 : 16432, 7, 2021/08/23, 11:52:09.093, 1716196659595, vstest.console.dll, TcpClientExtensions.MessageLoopAsync: Polling on remoteEndPoint: 127.0.0.1:49395 localEndPoint: 127.0.0.1:49393
TpTrace Verbose: 0 : 16432, 7, 2021/08/23, 11:52:09.259, 1716198321059, vstest.console.dll, TcpClientExtensions.MessageLoopAsync: NotifyDataAvailable remoteEndPoint: 127.0.0.1:49395 localEndPoint: 127.0.0.1:49393
TpTrace Verbose: 0 : 16432, 7, 2021/08/23, 11:52:09.259, 1716198323947, vstest.console.dll, TestRequestSender.CheckVersionWithTestHost: onMessageReceived received message: (ProtocolVersion) -> 5
TpTrace Verbose: 0 : 16432, 7, 2021/08/23, 11:52:09.260, 1716198328351, vstest.console.dll, TcpClientExtensions.MessageLoopAsync: Polling on remoteEndPoint: 127.0.0.1:49395 localEndPoint: 127.0.0.1:49393
TpTrace Verbose: 0 : 16432, 5, 2021/08/23, 11:52:09.260, 1716198329413, vstest.console.dll, TestPluginCache.GetExtensionPaths: Filtered extension paths: 
TpTrace Verbose: 0 : 16432, 5, 2021/08/23, 11:52:09.260, 1716198330352, vstest.console.dll, TestPluginCache.GetExtensionPaths: Added default extension paths: C:\Program Files\dotnet\sdk\6.0.100-preview.7.21379.14\Extensions\Microsoft.Diagnostics.NETCore.Client.dll
C:\Program Files\dotnet\sdk\6.0.100-preview.7.21379.14\Extensions\Microsoft.TestPlatform.Extensions.BlameDataCollector.dll
C:\Program Files\dotnet\sdk\6.0.100-preview.7.21379.14\Extensions\Microsoft.TestPlatform.Extensions.EventLogCollector.dll
C:\Program Files\dotnet\sdk\6.0.100-preview.7.21379.14\Extensions\Microsoft.TestPlatform.TestHostRuntimeProvider.dll
C:\Program Files\dotnet\sdk\6.0.100-preview.7.21379.14\Extensions\Microsoft.VisualStudio.TestPlatform.Extensions.Html.TestLogger.dll
C:\Program Files\dotnet\sdk\6.0.100-preview.7.21379.14\Extensions\Microsoft.VisualStudio.TestPlatform.Extensions.Trx.TestLogger.dll
TpTrace Verbose: 0 : 16432, 5, 2021/08/23, 11:52:09.260, 1716198330976, vstest.console.dll, TestPluginCache.GetExtensionPaths: Added unfilterableExtensionPaths: 
TpTrace Verbose: 0 : 16432, 5, 2021/08/23, 11:52:09.264, 1716198369569, vstest.console.dll, TestRequestSender.InitializeExecution: Sending initializing execution with message: {"Version":5,"MessageType":"TestExecution.Initialize","Payload":["C:\\Users\\Ehlimana\\source\\repos\\MetrikeRefaktoringCodeTuning\\MetrikeRefaktoringCodeTuning\\bin\\Debug\\net5.0\\fine-code-coverage\\build-output\\Microsoft.VisualStudio.TestPlatform.MSTest.TestAdapter.dll"]}
TpTrace Verbose: 0 : 16432, 7, 2021/08/23, 11:52:09.271, 1716198438988, vstest.console.dll, TcpClientExtensions.MessageLoopAsync: NotifyDataAvailable remoteEndPoint: 127.0.0.1:49395 localEndPoint: 127.0.0.1:49393
TpTrace Verbose: 0 : 16432, 7, 2021/08/23, 11:52:09.271, 1716198441439, vstest.console.dll, TestRequestSender.OnExecutionMessageReceived: Received message: {"Version":5,"MessageType":"TestSession.Message","Payload":{"MessageLevel":0,"Message":"Logging TestHost Diagnostics in file: C:\\Users\\Ehlimana\\source\\repos\\MetrikeRefaktoringCodeTuning\\MetrikeRefaktoringCodeTuning\\bin\\Debug\\net5.0\\fine-code-coverage\\coverage-tool-output\\diagnostics.host.21-08-23_11-52-08_78539_5.log"}}
TpTrace Verbose: 0 : 16432, 7, 2021/08/23, 11:52:09.274, 1716198467346, vstest.console.dll, TestRunRequest:SendTestRunMessage: Starting.
TpTrace Information: 0 : 16432, 7, 2021/08/23, 11:52:09.274, 1716198469397, vstest.console.dll, TestRunRequest:SendTestRunMessage: Completed.
TpTrace Verbose: 0 : 16432, 7, 2021/08/23, 11:52:09.274, 1716198470296, vstest.console.dll, TcpClientExtensions.MessageLoopAsync: Polling on remoteEndPoint: 127.0.0.1:49395 localEndPoint: 127.0.0.1:49393
TpTrace Verbose: 0 : 16432, 5, 2021/08/23, 11:52:09.276, 1716198486279, vstest.console.dll, TestRequestSender.StartTestRun: Sending test run with message: {"Version":5,"MessageType":"TestExecution.StartWithSources","Payload":{"AdapterSourceMap":{"_none_":["C:\\Users\\Ehlimana\\source\\repos\\MetrikeRefaktoringCodeTuning\\MetrikeRefaktoringCodeTuning\\bin\\Debug\\net5.0\\fine-code-coverage\\build-output\\MetrikeRefaktoringCodeTuning.dll"]},"RunSettings":"<RunSettings>\r\n  <RunConfiguration>\r\n    <ResultsDirectory>C:\\Users\\Ehlimana\\source\\repos\\MetrikeRefaktoringCodeTuning\\MetrikeRefaktoringCodeTuning\\bin\\Debug\\net5.0\\fine-code-coverage\\coverage-tool-output</ResultsDirectory>\r\n    <TargetPlatform>X64</TargetPlatform>\r\n    <TargetFrameworkVersion>.NETCoreApp,Version=v5.0</TargetFrameworkVersion>\r\n    <DesignMode>False</DesignMode>\r\n    <CollectSourceInformation>False</CollectSourceInformation>\r\n  </RunConfiguration>\r\n  <LoggerRunSettings>\r\n    <Loggers>\r\n      <Logger friendlyName=\"blame\" enabled=\"True\" />\r\n      <Logger friendlyName=\"Console\" uri=\"logger://microsoft/TestPlatform/ConsoleLogger/v1\" assemblyQualifiedName=\"Microsoft.VisualStudio.TestPlatform.CommandLine.Internal.ConsoleLogger, vstest.console, Version=15.0.0.0, Culture=neutral, PublicKeyToken=b03f5f7f11d50a3a\" codeBase=\"C:\\Program Files\\dotnet\\sdk\\6.0.100-preview.7.21379.14\\vstest.console.dll\" enabled=\"True\" />\r\n    </Loggers>\r\n  </LoggerRunSettings>\r\n  <DataCollectionRunSettings>\r\n    <DataCollectors>\r\n      <DataCollector friendlyName=\"blame\" enabled=\"True\">\r\n        <Configuration>\r\n          <ResultsDirectory>C:\\Users\\Ehlimana\\source\\repos\\MetrikeRefaktoringCodeTuning\\MetrikeRefaktoringCodeTuning\\bin\\Debug\\net5.0\\fine-code-coverage\\coverage-tool-output</ResultsDirectory>\r\n        </Configuration>\r\n      </DataCollector>\r\n    </DataCollectors>\r\n  </DataCollectionRunSettings>\r\n</RunSettings>","TestExecutionContext":{"FrequencyOfRunStatsChangeEvent":10,"RunStatsChangeEventTimeout":"00:00:01.5000000","InIsolation":false,"KeepAlive":false,"AreTestCaseLevelEventsRequired":false,"IsDebug":false,"TestCaseFilter":null,"FilterOptions":null},"Package":null}}
TpTrace Verbose: 0 : 16432, 7, 2021/08/23, 11:52:10.280, 1716208525838, vstest.console.dll, TcpClientExtensions.MessageLoopAsync: Polling on remoteEndPoint: 127.0.0.1:49395 localEndPoint: 127.0.0.1:49393
TpTrace Verbose: 0 : 16432, 7, 2021/08/23, 11:52:10.937, 1716215102127, vstest.console.dll, TcpClientExtensions.MessageLoopAsync: NotifyDataAvailable remoteEndPoint: 127.0.0.1:49395 localEndPoint: 127.0.0.1:49393
TpTrace Verbose: 0 : 16432, 7, 2021/08/23, 11:52:10.938, 1716215106931, vstest.console.dll, TestRequestSender.OnExecutionMessageReceived: Received message: {"Version":5,"MessageType":"TestExecution.StatsChange","Payload":{"NewTestResults":[{"TestCase":{"Id":"4fa65dd8-c1e0-ff3f-2ee7-ac824320b2af","FullyQualifiedName":"MetrikeRefaktoringCodeTuning.Primjer4.Put1","DisplayName":"Put1","ExecutorUri":"executor://MSTestAdapter/v2","Source":"C:\\Users\\Ehlimana\\source\\repos\\MetrikeRefaktoringCodeTuning\\MetrikeRefaktoringCodeTuning\\bin\\Debug\\net5.0\\fine-code-coverage\\build-output\\MetrikeRefaktoringCodeTuning.dll","CodeFilePath":null,"LineNumber":-1,"Properties":[{"Key":{"Id":"TestCase.ManagedType","Label":"ManagedType","Category":"","Description":"","Attributes":1,"ValueType":"System.String"},"Value":"MetrikeRefaktoringCodeTuning.Primjer4"},{"Key":{"Id":"TestCase.ManagedMethod","Label":"ManagedMethod","Category":"","Description":"","Attributes":1,"ValueType":"System.String"},"Value":"Put1"},{"Key":{"Id":"MSTestDiscoverer.TestClassName","Label":"ClassName","Category":"","Description":"","Attributes":1,"ValueType":"System.String"},"Value":"MetrikeRefaktoringCodeTuning.Primjer4"},{"Key":{"Id":"TestObject.Traits","Label":"Traits","Category":"","Description":"","Attributes":5,"ValueType":"System.Collections.Generic.KeyValuePair`2[[System.String],[System.String]][]"},"Value":[]}]},"Attachments":[],"Outcome":1,"ErrorMessage":null,"ErrorStackTrace":null,"DisplayName":null,"Messages":[],"ComputerName":null,"Duration":"00:00:00.0049120","StartTime":"2021-08-23T11:52:09.5902994+02:00","EndTime":"2021-08-23T11:52:09.6301409+02:00","Properties":[{"Key":{"Id":"ExecutionId","Label":"ExecutionId","Category":"","Description":"","Attributes":1,"ValueType":"System.Guid"},"Value":"00000000-0000-0000-0000-000000000000"},{"Key":{"Id":"ParentExecId","Label":"ParentExecId","Category":"","Description":"","Attributes":1,"ValueType":"System.Guid"},"Value":"00000000-0000-0000-0000-000000000000"},{"Key":{"Id":"InnerResultsCount","Label":"InnerResultsCount","Category":"","Description":"","Attributes":1,"ValueType":"System.Int32"},"Value":0}]},{"TestCase":{"Id":"97638462-02be-5f62-ee1a-0ffb87362170","FullyQualifiedName":"MetrikeRefaktoringCodeTuning.Primjer4.Put2","DisplayName":"Put2","ExecutorUri":"executor://MSTestAdapter/v2","Source":"C:\\Users\\Ehlimana\\source\\repos\\MetrikeRefaktoringCodeTuning\\MetrikeRefaktoringCodeTuning\\bin\\Debug\\net5.0\\fine-code-coverage\\build-output\\MetrikeRefaktoringCodeTuning.dll","CodeFilePath":null,"LineNumber":-1,"Properties":[{"Key":{"Id":"TestCase.ManagedType","Label":"ManagedType","Category":"","Description":"","Attributes":1,"ValueType":"System.String"},"Value":"MetrikeRefaktoringCodeTuning.Primjer4"},{"Key":{"Id":"TestCase.ManagedMethod","Label":"ManagedMethod","Category":"","Description":"","Attributes":1,"ValueType":"System.String"},"Value":"Put2"},{"Key":{"Id":"MSTestDiscoverer.TestClassName","Label":"ClassName","Category":"","Description":"","Attributes":1,"ValueType":"System.String"},"Value":"MetrikeRefaktoringCodeTuning.Primjer4"},{"Key":{"Id":"TestObject.Traits","Label":"Traits","Category":"","Description":"","Attributes":5,"ValueType":"System.Collections.Generic.KeyValuePair`2[[System.String],[System.String]][]"},"Value":[]}]},"Attachments":[],"Outcome":1,"ErrorMessage":null,"ErrorStackTrace":null,"DisplayName":null,"Messages":[],"ComputerName":null,"Duration":"00:00:00.0002768","StartTime":"2021-08-23T11:52:09.6653058+02:00","EndTime":"2021-08-23T11:52:09.6661742+02:00","Properties":[{"Key":{"Id":"ExecutionId","Label":"ExecutionId","Category":"","Description":"","Attributes":1,"ValueType":"System.Guid"},"Value":"00000000-0000-0000-0000-000000000000"},{"Key":{"Id":"ParentExecId","Label":"ParentExecId","Category":"","Description":"","Attributes":1,"ValueType":"System.Guid"},"Value":"00000000-0000-0000-0000-000000000000"},{"Key":{"Id":"InnerResultsCount","Label":"InnerResultsCount","Category":"","Description":"","Attributes":1,"ValueType":"System.Int32"},"Value":0}]},{"TestCase":{"Id":"4e3fba71-42c8-c906-6903-0b6351a0d779","FullyQualifiedName":"MetrikeRefaktoringCodeTuning.Primjer4.Put3","DisplayName":"Put3","ExecutorUri":"executor://MSTestAdapter/v2","Source":"C:\\Users\\Ehlimana\\source\\repos\\MetrikeRefaktoringCodeTuning\\MetrikeRefaktoringCodeTuning\\bin\\Debug\\net5.0\\fine-code-coverage\\build-output\\MetrikeRefaktoringCodeTuning.dll","CodeFilePath":null,"LineNumber":-1,"Properties":[{"Key":{"Id":"TestCase.ManagedType","Label":"ManagedType","Category":"","Description":"","Attributes":1,"ValueType":"System.String"},"Value":"MetrikeRefaktoringCodeTuning.Primjer4"},{"Key":{"Id":"TestCase.ManagedMethod","Label":"ManagedMethod","Category":"","Description":"","Attributes":1,"ValueType":"System.String"},"Value":"Put3"},{"Key":{"Id":"MSTestDiscoverer.TestClassName","Label":"ClassName","Category":"","Description":"","Attributes":1,"ValueType":"System.String"},"Value":"MetrikeRefaktoringCodeTuning.Primjer4"},{"Key":{"Id":"TestObject.Traits","Label":"Traits","Category":"","Description":"","Attributes":5,"ValueType":"System.Collections.Generic.KeyValuePair`2[[System.String],[System.String]][]"},"Value":[]}]},"Attachments":[],"Outcome":1,"ErrorMessage":null,"ErrorStackTrace":null,"DisplayName":null,"Messages":[],"ComputerName":null,"Duration":"00:00:00.0002192","StartTime":"2021-08-23T11:52:09.6706215+02:00","EndTime":"2021-08-23T11:52:09.6713193+02:00","Properties":[{"Key":{"Id":"ExecutionId","Label":"ExecutionId","Category":"","Description":"","Attributes":1,"ValueType":"System.Guid"},"Value":"00000000-0000-0000-0000-000000000000"},{"Key":{"Id":"ParentExecId","Label":"ParentExecId","Category":"","Description":"","Attributes":1,"ValueType":"System.Guid"},"Value":"00000000-0000-0000-0000-000000000000"},{"Key":{"Id":"InnerResultsCount","Label":"InnerResultsCount","Category":"","Description":"","Attributes":1,"ValueType":"System.Int32"},"Value":0}]},{"TestCase":{"Id":"37af771b-603c-c1a2-beb4-dc9afda5c559","FullyQualifiedName":"MetrikeRefaktoringCodeTuning.Primjer4.Put4","DisplayName":"Put4","ExecutorUri":"executor://MSTestAdapter/v2","Source":"C:\\Users\\Ehlimana\\source\\repos\\MetrikeRefaktoringCodeTuning\\MetrikeRefaktoringCodeTuning\\bin\\Debug\\net5.0\\fine-code-coverage\\build-output\\MetrikeRefaktoringCodeTuning.dll","CodeFilePath":null,"LineNumber":-1,"Properties":[{"Key":{"Id":"TestCase.ManagedType","Label":"ManagedType","Category":"","Description":"","Attributes":1,"ValueType":"System.String"},"Value":"MetrikeRefaktoringCodeTuning.Primjer4"},{"Key":{"Id":"TestCase.ManagedMethod","Label":"ManagedMethod","Category":"","Description":"","Attributes":1,"ValueType":"System.String"},"Value":"Put4"},{"Key":{"Id":"MSTestDiscoverer.TestClassName","Label":"ClassName","Category":"","Description":"","Attributes":1,"ValueType":"System.String"},"Value":"MetrikeRefaktoringCodeTuning.Primjer4"},{"Key":{"Id":"TestObject.Traits","Label":"Traits","Category":"","Description":"","Attributes":5,"ValueType":"System.Collections.Generic.KeyValuePair`2[[System.String],[System.String]][]"},"Value":[]}]},"Attachments":[],"Outcome":1,"ErrorMessage":null,"ErrorStackTrace":null,"DisplayName":null,"Messages":[],"ComputerName":null,"Duration":"00:00:00.0002791","StartTime":"2021-08-23T11:52:09.6753643+02:00","EndTime":"2021-08-23T11:52:09.6761262+02:00","Properties":[{"Key":{"Id":"ExecutionId","Label":"ExecutionId","Category":"","Description":"","Attributes":1,"ValueType":"System.Guid"},"Value":"00000000-0000-0000-0000-000000000000"},{"Key":{"Id":"ParentExecId","Label":"ParentExecId","Category":"","Description":"","Attributes":1,"ValueType":"System.Guid"},"Value":"00000000-0000-0000-0000-000000000000"},{"Key":{"Id":"InnerResultsCount","Label":"InnerResultsCount","Category":"","Description":"","Attributes":1,"ValueType":"System.Int32"},"Value":0}]},{"TestCase":{"Id":"5927e74d-879e-bc81-c484-be8effaa06f9","FullyQualifiedName":"MetrikeRefaktoringCodeTuning.Primjer4.Put5","DisplayName":"Put5","ExecutorUri":"executor://MSTestAdapter/v2","Source":"C:\\Users\\Ehlimana\\source\\repos\\MetrikeRefaktoringCodeTuning\\MetrikeRefaktoringCodeTuning\\bin\\Debug\\net5.0\\fine-code-coverage\\build-output\\MetrikeRefaktoringCodeTuning.dll","CodeFilePath":null,"LineNumber":-1,"Properties":[{"Key":{"Id":"TestCase.ManagedType","Label":"ManagedType","Category":"","Description":"","Attributes":1,"ValueType":"System.String"},"Value":"MetrikeRefaktoringCodeTuning.Primjer4"},{"Key":{"Id":"TestCase.ManagedMethod","Label":"ManagedMethod","Category":"","Description":"","Attributes":1,"ValueType":"System.String"},"Value":"Put5"},{"Key":{"Id":"MSTestDiscoverer.TestClassName","Label":"ClassName","Category":"","Description":"","Attributes":1,"ValueType":"System.String"},"Value":"MetrikeRefaktoringCodeTuning.Primjer4"},{"Key":{"Id":"TestObject.Traits","Label":"Traits","Category":"","Description":"","Attributes":5,"ValueType":"System.Collections.Generic.KeyValuePair`2[[System.String],[System.String]][]"},"Value":[]}]},"Attachments":[],"Outcome":1,"ErrorMessage":null,"ErrorStackTrace":null,"DisplayName":null,"Messages":[],"ComputerName":null,"Duration":"00:00:00.0002598","StartTime":"2021-08-23T11:52:09.6810278+02:00","EndTime":"2021-08-23T11:52:09.6818365+02:00","Properties":[{"Key":{"Id":"ExecutionId","Label":"ExecutionId","Category":"","Description":"","Attributes":1,"ValueType":"System.Guid"},"Value":"00000000-0000-0000-0000-000000000000"},{"Key":{"Id":"ParentExecId","Label":"ParentExecId","Category":"","Description":"","Attributes":1,"ValueType":"System.Guid"},"Value":"00000000-0000-0000-0000-000000000000"},{"Key":{"Id":"InnerResultsCount","Label":"InnerResultsCount","Category":"","Description":"","Attributes":1,"ValueType":"System.Int32"},"Value":0}]}],"TestRunStatistics":{"ExecutedTests":5,"Stats":{"Passed":5}},"ActiveTests":[{"Id":"3bcc9801-0d17-51bc-592c-235e5e0582bf","FullyQualifiedName":"MetrikeRefaktoringCodeTuning.Primjer5Test.TestTuning","DisplayName":"TestTuning","ExecutorUri":"executor://MSTestAdapter/v2","Source":"C:\\Users\\Ehlimana\\source\\repos\\MetrikeRefaktoringCodeTuning\\MetrikeRefaktoringCodeTuning\\bin\\Debug\\net5.0\\fine-code-coverage\\build-output\\MetrikeRefaktoringCodeTuning.dll","CodeFilePath":null,"LineNumber":-1,"Properties":[{"Key":{"Id":"TestCase.ManagedType","Label":"ManagedType","Category":"","Description":"","Attributes":1,"ValueType":"System.String"},"Value":"MetrikeRefaktoringCodeTuning.Primjer5Test"},{"Key":{"Id":"TestCase.ManagedMethod","Label":"ManagedMethod","Category":"","Description":"","Attributes":1,"ValueType":"System.String"},"Value":"TestTuning"},{"Key":{"Id":"MSTestDiscoverer.TestClassName","Label":"ClassName","Category":"","Description":"","Attributes":1,"ValueType":"System.String"},"Value":"MetrikeRefaktoringCodeTuning.Primjer5Test"},{"Key":{"Id":"TestObject.Traits","Label":"Traits","Category":"","Description":"","Attributes":5,"ValueType":"System.Collections.Generic.KeyValuePair`2[[System.String],[System.String]][]"},"Value":[]}]}]}}
TpTrace Verbose: 0 : 16432, 7, 2021/08/23, 11:52:10.996, 1716215687184, vstest.console.dll, TestRunRequest:SendTestRunStatsChange: Starting.
TpTrace Verbose: 0 : 16432, 7, 2021/08/23, 11:52:10.996, 1716215688757, vstest.console.dll, InProgress is TestTuning
TpTrace Information: 0 : 16432, 7, 2021/08/23, 11:52:10.996, 1716215690710, vstest.console.dll, TestRunRequest:SendTestRunStatsChange: Completed.
TpTrace Verbose: 0 : 16432, 7, 2021/08/23, 11:52:10.996, 1716215691267, vstest.console.dll, TcpClientExtensions.MessageLoopAsync: Polling on remoteEndPoint: 127.0.0.1:49395 localEndPoint: 127.0.0.1:49393
TpTrace Verbose: 0 : 16432, 7, 2021/08/23, 11:52:11.998, 1716225705780, vstest.console.dll, TcpClientExtensions.MessageLoopAsync: Polling on remoteEndPoint: 127.0.0.1:49395 localEndPoint: 127.0.0.1:49393
TpTrace Verbose: 0 : 16432, 7, 2021/08/23, 11:52:12.035, 1716226081689, vstest.console.dll, TcpClientExtensions.MessageLoopAsync: NotifyDataAvailable remoteEndPoint: 127.0.0.1:49395 localEndPoint: 127.0.0.1:49393
TpTrace Verbose: 0 : 16432, 7, 2021/08/23, 11:52:12.036, 1716226085174, vstest.console.dll, TestRequestSender.OnExecutionMessageReceived: Received message: {"Version":5,"MessageType":"TestExecution.Completed","Payload":{"TestRunCompleteArgs":{"TestRunStatistics":{"ExecutedTests":7,"Stats":{"Passed":7}},"IsCanceled":false,"IsAborted":false,"Error":null,"AttachmentSets":[],"ElapsedTimeInRunningTests":"00:00:02.5911919","Metrics":{}},"LastRunTests":{"NewTestResults":[{"TestCase":{"Id":"3bcc9801-0d17-51bc-592c-235e5e0582bf","FullyQualifiedName":"MetrikeRefaktoringCodeTuning.Primjer5Test.TestTuning","DisplayName":"TestTuning","ExecutorUri":"executor://MSTestAdapter/v2","Source":"C:\\Users\\Ehlimana\\source\\repos\\MetrikeRefaktoringCodeTuning\\MetrikeRefaktoringCodeTuning\\bin\\Debug\\net5.0\\fine-code-coverage\\build-output\\MetrikeRefaktoringCodeTuning.dll","CodeFilePath":null,"LineNumber":-1,"Properties":[{"Key":{"Id":"TestCase.ManagedType","Label":"ManagedType","Category":"","Description":"","Attributes":1,"ValueType":"System.String"},"Value":"MetrikeRefaktoringCodeTuning.Primjer5Test"},{"Key":{"Id":"TestCase.ManagedMethod","Label":"ManagedMethod","Category":"","Description":"","Attributes":1,"ValueType":"System.String"},"Value":"TestTuning"},{"Key":{"Id":"MSTestDiscoverer.TestClassName","Label":"ClassName","Category":"","Description":"","Attributes":1,"ValueType":"System.String"},"Value":"MetrikeRefaktoringCodeTuning.Primjer5Test"},{"Key":{"Id":"TestObject.Traits","Label":"Traits","Category":"","Description":"","Attributes":5,"ValueType":"System.Collections.Generic.KeyValuePair`2[[System.String],[System.String]][]"},"Value":[]}]},"Attachments":[],"Outcome":1,"ErrorMessage":null,"ErrorStackTrace":null,"DisplayName":null,"Messages":[],"ComputerName":null,"Duration":"00:00:02.3063164","StartTime":"2021-08-23T11:52:09.6858024+02:00","EndTime":"2021-08-23T11:52:11.9927103+02:00","Properties":[{"Key":{"Id":"ExecutionId","Label":"ExecutionId","Category":"","Description":"","Attributes":1,"ValueType":"System.Guid"},"Value":"00000000-0000-0000-0000-000000000000"},{"Key":{"Id":"ParentExecId","Label":"ParentExecId","Category":"","Description":"","Attributes":1,"ValueType":"System.Guid"},"Value":"00000000-0000-0000-0000-000000000000"},{"Key":{"Id":"InnerResultsCount","Label":"InnerResultsCount","Category":"","Description":"","Attributes":1,"ValueType":"System.Int32"},"Value":0}]},{"TestCase":{"Id":"96faec82-f904-e800-824b-e9ad28f1ed73","FullyQualifiedName":"MetrikeRefaktoringCodeTuning.UnitTest1.TestMethod1","DisplayName":"TestMethod1","ExecutorUri":"executor://MSTestAdapter/v2","Source":"C:\\Users\\Ehlimana\\source\\repos\\MetrikeRefaktoringCodeTuning\\MetrikeRefaktoringCodeTuning\\bin\\Debug\\net5.0\\fine-code-coverage\\build-output\\MetrikeRefaktoringCodeTuning.dll","CodeFilePath":null,"LineNumber":-1,"Properties":[{"Key":{"Id":"TestCase.ManagedType","Label":"ManagedType","Category":"","Description":"","Attributes":1,"ValueType":"System.String"},"Value":"MetrikeRefaktoringCodeTuning.UnitTest1"},{"Key":{"Id":"TestCase.ManagedMethod","Label":"ManagedMethod","Category":"","Description":"","Attributes":1,"ValueType":"System.String"},"Value":"TestMethod1"},{"Key":{"Id":"MSTestDiscoverer.TestClassName","Label":"ClassName","Category":"","Description":"","Attributes":1,"ValueType":"System.String"},"Value":"MetrikeRefaktoringCodeTuning.UnitTest1"},{"Key":{"Id":"TestObject.Traits","Label":"Traits","Category":"","Description":"","Attributes":5,"ValueType":"System.Collections.Generic.KeyValuePair`2[[System.String],[System.String]][]"},"Value":[]}]},"Attachments":[],"Outcome":1,"ErrorMessage":null,"ErrorStackTrace":null,"DisplayName":null,"Messages":[],"ComputerName":null,"Duration":"00:00:00.0001353","StartTime":"2021-08-23T11:52:11.9954124+02:00","EndTime":"2021-08-23T11:52:11.9960753+02:00","Properties":[{"Key":{"Id":"ExecutionId","Label":"ExecutionId","Category":"","Description":"","Attributes":1,"ValueType":"System.Guid"},"Value":"00000000-0000-0000-0000-000000000000"},{"Key":{"Id":"ParentExecId","Label":"ParentExecId","Category":"","Description":"","Attributes":1,"ValueType":"System.Guid"},"Value":"00000000-0000-0000-0000-000000000000"},{"Key":{"Id":"InnerResultsCount","Label":"InnerResultsCount","Category":"","Description":"","Attributes":1,"ValueType":"System.Int32"},"Value":0}]}],"TestRunStatistics":{"ExecutedTests":7,"Stats":{"Passed":7}},"ActiveTests":[]},"RunAttachments":[],"ExecutorUris":["executor://mstestadapter/v2"]}}
TpTrace Verbose: 0 : 16432, 7, 2021/08/23, 11:52:12.036, 1716226091754, vstest.console.dll, TestRequestSender.EndSession: Sending end session.
TpTrace Verbose: 0 : 16432, 7, 2021/08/23, 11:52:12.037, 1716226095265, vstest.console.dll, ProxyOperationManager.Close: waiting for test host to exit for 100 ms
TpTrace Warning: 0 : 16432, 11, 2021/08/23, 11:52:12.048, 1716226211820, vstest.console.dll, TestHostManagerCallbacks.ErrorReceivedCallback Test host standard error line: 
TpTrace Verbose: 0 : 16432, 8, 2021/08/23, 11:52:12.067, 1716226398205, vstest.console.dll, TestHostProvider.ExitCallBack: Host exited starting callback.
TpTrace Information: 0 : 16432, 8, 2021/08/23, 11:52:12.067, 1716226404066, vstest.console.dll, TestHostManagerCallbacks.ExitCallBack: Testhost processId: 14032 exited with exitcode: 0 error: ''
TpTrace Verbose: 0 : 16432, 8, 2021/08/23, 11:52:12.068, 1716226405013, vstest.console.dll, DotnetTestHostManager.OnHostExited: invoking OnHostExited callback
TpTrace Verbose: 0 : 16432, 8, 2021/08/23, 11:52:12.068, 1716226405703, vstest.console.dll, CrossPlatEngine.TestHostManagerHostExited: calling on client process exit callback.
TpTrace Information: 0 : 16432, 8, 2021/08/23, 11:52:12.068, 1716226406365, vstest.console.dll, TestRequestSender.OnClientProcessExit: Test host process exited. Standard error: 
TpTrace Warning: 0 : 16432, 7, 2021/08/23, 11:52:12.068, 1716226406447, vstest.console.dll, ProxyOperationManager: Timed out waiting for test host to exit. Will terminate process.
TpTrace Information: 0 : 16432, 8, 2021/08/23, 11:52:12.068, 1716226407040, vstest.console.dll, SocketServer.Stop: Stop server endPoint: 127.0.0.1:49393
TpTrace Information: 0 : 16432, 8, 2021/08/23, 11:52:12.068, 1716226408477, vstest.console.dll, SocketServer.Stop: Cancellation requested. Stopping message loop.
TpTrace Verbose: 0 : 16432, 7, 2021/08/23, 11:52:12.069, 1716226416992, vstest.console.dll, ProxyDataCollectionManager.InvokeDataCollectionServiceAction: Starting.
TpTrace Information: 0 : 16432, 7, 2021/08/23, 11:52:12.069, 1716226418317, vstest.console.dll, ProxyDataCollectionManager.AfterTestRunEnd: Get attachment set for datacollector processId: 3876 port: 49390
TpTrace Verbose: 0 : 16432, 7, 2021/08/23, 11:52:12.069, 1716226419284, vstest.console.dll, DataCollectionRequestSender.SendAfterTestRunStartAndGetResult : Send AfterTestRunEnd message with isCancelled: False
TpTrace Verbose: 0 : 16432, 7, 2021/08/23, 11:52:12.073, 1716226460970, vstest.console.dll, DataCollectionRequestSender.SendAfterTestRunStartAndGetResult : Received message: (DataCollection.AfterTestRunEndResult) -> {
  "AttachmentSets": [],
  "Metrics": {}
}
TpTrace Information: 0 : 16432, 7, 2021/08/23, 11:52:12.076, 1716226490949, vstest.console.dll, ProxyDataCollectionManager.InvokeDataCollectionServiceAction: Completed.
TpTrace Warning: 0 : 16432, 10, 2021/08/23, 11:52:12.079, 1716226520179, vstest.console.dll, DataCollectionLauncher.ErrorReceivedCallback datacollector standard error line: 
TpTrace Information: 0 : 16432, 8, 2021/08/23, 11:52:12.087, 1716226595844, vstest.console.dll, DataCollectionLauncher.ExitCallBack: Data collector exited with exitcode: 0 error: ''
TpTrace Verbose: 0 : 16432, 7, 2021/08/23, 11:52:12.122, 1716226953954, vstest.console.dll, TestRunRequest:SendTestRunStatsChange: Starting.
TpTrace Information: 0 : 16432, 7, 2021/08/23, 11:52:12.123, 1716226955691, vstest.console.dll, TestRunRequest:SendTestRunStatsChange: Completed.
TpTrace Verbose: 0 : 16432, 7, 2021/08/23, 11:52:12.123, 1716226958621, vstest.console.dll, ParallelProxyExecutionManager: HandlePartialRunComplete: Total completed clients = 1, Run complete = True, Run canceled: False.
TpTrace Verbose: 0 : 16432, 7, 2021/08/23, 11:52:12.146, 1716227184581, vstest.console.dll, TestRunRequest:TestRunComplete: Starting. IsAborted:False IsCanceled:False.
TpTrace Verbose: 0 : 16432, 7, 2021/08/23, 11:52:12.146, 1716227187240, vstest.console.dll, TestLoggerManager.HandleTestRunComplete: Ignoring as the object is disposed.
TpTrace Information: 0 : 16432, 7, 2021/08/23, 11:52:12.146, 1716227191145, vstest.console.dll, TestRunRequest:TestRunComplete: Completed.
TpTrace Verbose: 0 : 16432, 1, 2021/08/23, 11:52:12.146, 1716227191553, vstest.console.dll, TestRunRequest.Dispose: Starting.
TpTrace Verbose: 0 : 16432, 7, 2021/08/23, 11:52:12.146, 1716227192195, vstest.console.dll, TestRequestSender.SetOperationComplete: Setting operation complete.
TpTrace Information: 0 : 16432, 1, 2021/08/23, 11:52:12.146, 1716227193109, vstest.console.dll, TestRunRequest.Dispose: Completed.
TpTrace Information: 0 : 16432, 7, 2021/08/23, 11:52:12.146, 1716227193637, vstest.console.dll, SocketServer.Stop: Stop server endPoint: 127.0.0.1:49393
TpTrace Information: 0 : 16432, 7, 2021/08/23, 11:52:12.147, 1716227194946, vstest.console.dll, SocketServer.Stop: Cancellation requested. Stopping message loop.
TpTrace Information: 0 : 16432, 1, 2021/08/23, 11:52:12.146, 1716227194456, vstest.console.dll, TestRequestManager.RunTests: run tests completed.
TpTrace Information: 0 : 16432, 7, 2021/08/23, 11:52:12.147, 1716227195562, vstest.console.dll, SocketServer.PrivateStop: Stopping server endPoint: 127.0.0.1:49393 error: 
TpTrace Information: 0 : 16432, 1, 2021/08/23, 11:52:12.147, 1716227196622, vstest.console.dll, RunTestsArgumentProcessor:Execute: Test run is completed.
TpTrace Verbose: 0 : 16432, 1, 2021/08/23, 11:52:12.147, 1716227198996, vstest.console.dll, Executor.Execute: Exiting with exit code of 0
TpTrace Verbose: 0 : 16432, 7, 2021/08/23, 11:52:12.147, 1716227201720, vstest.console.dll, LengthPrefixCommunicationChannel.Dispose: Dispose reader and writer.
TpTrace Information: 0 : 16432, 7, 2021/08/23, 11:52:12.147, 1716227203016, vstest.console.dll, SocketServer.Stop: Raise disconnected event endPoint: 127.0.0.1:49393 error: 
