TpTrace Verbose: 0 : 14032, 1, 2021/08/23, 11:52:08.999, 1716195769739, testhost.dll, Version: 16.9.4
TpTrace Information: 0 : 14032, 1, 2021/08/23, 11:52:09.012, 1716195851143, testhost.dll, DefaultEngineInvoker.Invoke: Testhost process started with args :[--port, 49393],[--endpoint, 127.0.0.1:049393],[--role, client],[--parentprocessid, 16432],[--diag, C:\Users\Ehlimana\source\repos\MetrikeRefaktoringCodeTuning\MetrikeRefaktoringCodeTuning\bin\Debug\net5.0\fine-code-coverage\coverage-tool-output\diagnostics.host.21-08-23_11-52-08_78539_5.log],[--tracelevel, 4],[--datacollectionport, 49392],[--telemetryoptedin, false]
TpTrace Information: 0 : 14032, 1, 2021/08/23, 11:52:09.049, 1716196215939, testhost.dll, Setting up debug trace listener.
TpTrace Verbose: 0 : 14032, 1, 2021/08/23, 11:52:09.049, 1716196219459, testhost.dll, TestPlatformTraceListener.Setup: Replacing listener 0 with TestHostTraceListener.
TpTrace Verbose: 0 : 14032, 1, 2021/08/23, 11:52:09.049, 1716196220223, testhost.dll, TestPlatformTraceListener.Setup: Added test platform trace listener.
TpTrace Information: 0 : 14032, 1, 2021/08/23, 11:52:09.050, 1716196225201, testhost.dll, DefaultEngineInvoker.SetParentProcessExitCallback: Monitoring parent process with id: '16432'
TpTrace Information: 0 : 14032, 1, 2021/08/23, 11:52:09.061, 1716196343713, testhost.dll, DefaultEngineInvoker.GetConnectionInfo: Initialize communication on endpoint address: '127.0.0.1:049393'
TpTrace Information: 0 : 14032, 1, 2021/08/23, 11:52:09.084, 1716196565925, testhost.dll, SocketClient.Start: connecting to server endpoint: 127.0.0.1:049393
TpTrace Information: 0 : 14032, 1, 2021/08/23, 11:52:09.095, 1716196681777, testhost.dll, DefaultEngineInvoker.ConnectToDatacollector: Connecting to datacollector, port: 49392
TpTrace Information: 0 : 14032, 5, 2021/08/23, 11:52:09.096, 1716196688592, testhost.dll, SocketClient.OnServerConnected: connected to server endpoint: 127.0.0.1:049393
TpTrace Verbose: 0 : 14032, 5, 2021/08/23, 11:52:09.098, 1716196706692, testhost.dll, Connected to server, and starting MessageLoopAsync
TpTrace Information: 0 : 14032, 1, 2021/08/23, 11:52:09.099, 1716196717446, testhost.dll, Trying to connect to server on socket : 127.0.0.1:49392 
TpTrace Verbose: 0 : 14032, 1, 2021/08/23, 11:52:09.099, 1716196722085, testhost.dll, SocketCommunicationManager : SetupClientAsync : Attempting to connect to the server.
TpTrace Verbose: 0 : 14032, 9, 2021/08/23, 11:52:09.102, 1716196751285, testhost.dll, TcpClientExtensions.MessageLoopAsync: Polling on remoteEndPoint: [::ffff:127.0.0.1]:49393 localEndPoint: [::ffff:127.0.0.1]:49395
TpTrace Information: 0 : 14032, 10, 2021/08/23, 11:52:09.103, 1716196759671, testhost.dll, Connected to the server successfully 
TpTrace Information: 0 : 14032, 10, 2021/08/23, 11:52:09.103, 1716196762212, testhost.dll, Using the buffer size of 16384 bytes
TpTrace Verbose: 0 : 14032, 9, 2021/08/23, 11:52:09.104, 1716196771885, testhost.dll, TcpClientExtensions.MessageLoopAsync: NotifyDataAvailable remoteEndPoint: [::ffff:127.0.0.1]:49393 localEndPoint: [::ffff:127.0.0.1]:49395
TpTrace Information: 0 : 14032, 1, 2021/08/23, 11:52:09.104, 1716196773873, testhost.dll, DefaultEngineInvoker.Invoke: Start Request Processing.
TpTrace Information: 0 : 14032, 12, 2021/08/23, 11:52:09.106, 1716196786282, testhost.dll, DefaultEngineInvoker.StartProcessingAsync: Connected to vstest.console, Starting process requests.
TpTrace Information: 0 : 14032, 9, 2021/08/23, 11:52:09.241, 1716198136577, testhost.dll, TestRequestHandler.ProcessRequests: received message: (ProtocolVersion) -> 5
TpTrace Verbose: 0 : 14032, 9, 2021/08/23, 11:52:09.271, 1716198435775, testhost.dll, TestRequestHandler.SendData:  sending data from testhost: {"Version":5,"MessageType":"TestSession.Message","Payload":{"MessageLevel":0,"Message":"Logging TestHost Diagnostics in file: C:\\Users\\Ehlimana\\source\\repos\\MetrikeRefaktoringCodeTuning\\MetrikeRefaktoringCodeTuning\\bin\\Debug\\net5.0\\fine-code-coverage\\coverage-tool-output\\diagnostics.host.21-08-23_11-52-08_78539_5.log"}}
TpTrace Verbose: 0 : 14032, 9, 2021/08/23, 11:52:09.271, 1716198439011, testhost.dll, TcpClientExtensions.MessageLoopAsync: Polling on remoteEndPoint: [::ffff:127.0.0.1]:49393 localEndPoint: [::ffff:127.0.0.1]:49395
TpTrace Verbose: 0 : 14032, 9, 2021/08/23, 11:52:09.271, 1716198440762, testhost.dll, TcpClientExtensions.MessageLoopAsync: NotifyDataAvailable remoteEndPoint: [::ffff:127.0.0.1]:49393 localEndPoint: [::ffff:127.0.0.1]:49395
TpTrace Information: 0 : 14032, 9, 2021/08/23, 11:52:09.276, 1716198487475, testhost.dll, TestRequestHandler.ProcessRequests: received message: (TestExecution.Initialize) -> [
  "C:\\Users\\Ehlimana\\source\\repos\\MetrikeRefaktoringCodeTuning\\MetrikeRefaktoringCodeTuning\\bin\\Debug\\net5.0\\fine-code-coverage\\build-output\\Microsoft.VisualStudio.TestPlatform.MSTest.TestAdapter.dll"
]
TpTrace Information: 0 : 14032, 9, 2021/08/23, 11:52:09.276, 1716198489230, testhost.dll, Execution Session Initialize.
TpTrace Verbose: 0 : 14032, 9, 2021/08/23, 11:52:09.282, 1716198553694, testhost.dll, TcpClientExtensions.MessageLoopAsync: Polling on remoteEndPoint: [::ffff:127.0.0.1]:49393 localEndPoint: [::ffff:127.0.0.1]:49395
TpTrace Verbose: 0 : 14032, 9, 2021/08/23, 11:52:09.283, 1716198555173, testhost.dll, TcpClientExtensions.MessageLoopAsync: NotifyDataAvailable remoteEndPoint: [::ffff:127.0.0.1]:49393 localEndPoint: [::ffff:127.0.0.1]:49395
TpTrace Verbose: 0 : 14032, 4, 2021/08/23, 11:52:09.285, 1716198583709, testhost.dll, TestExecutorService: Loading the extensions
TpTrace Information: 0 : 14032, 9, 2021/08/23, 11:52:09.286, 1716198591951, testhost.dll, TestRequestHandler.ProcessRequests: received message: (TestExecution.StartWithSources) -> {
  "AdapterSourceMap": {
    "_none_": [
      "C:\\Users\\Ehlimana\\source\\repos\\MetrikeRefaktoringCodeTuning\\MetrikeRefaktoringCodeTuning\\bin\\Debug\\net5.0\\fine-code-coverage\\build-output\\MetrikeRefaktoringCodeTuning.dll"
    ]
  },
  "RunSettings": "<RunSettings>\r\n  <RunConfiguration>\r\n    <ResultsDirectory>C:\\Users\\Ehlimana\\source\\repos\\MetrikeRefaktoringCodeTuning\\MetrikeRefaktoringCodeTuning\\bin\\Debug\\net5.0\\fine-code-coverage\\coverage-tool-output</ResultsDirectory>\r\n    <TargetPlatform>X64</TargetPlatform>\r\n    <TargetFrameworkVersion>.NETCoreApp,Version=v5.0</TargetFrameworkVersion>\r\n    <DesignMode>False</DesignMode>\r\n    <CollectSourceInformation>False</CollectSourceInformation>\r\n  </RunConfiguration>\r\n  <LoggerRunSettings>\r\n    <Loggers>\r\n      <Logger friendlyName=\"blame\" enabled=\"True\" />\r\n      <Logger friendlyName=\"Console\" uri=\"logger://microsoft/TestPlatform/ConsoleLogger/v1\" assemblyQualifiedName=\"Microsoft.VisualStudio.TestPlatform.CommandLine.Internal.ConsoleLogger, vstest.console, Version=15.0.0.0, Culture=neutral, PublicKeyToken=b03f5f7f11d50a3a\" codeBase=\"C:\\Program Files\\dotnet\\sdk\\6.0.100-preview.7.21379.14\\vstest.console.dll\" enabled=\"True\" />\r\n    </Loggers>\r\n  </LoggerRunSettings>\r\n  <DataCollectionRunSettings>\r\n    <DataCollectors>\r\n      <DataCollector friendlyName=\"blame\" enabled=\"True\">\r\n        <Configuration>\r\n          <ResultsDirectory>C:\\Users\\Ehlimana\\source\\repos\\MetrikeRefaktoringCodeTuning\\MetrikeRefaktoringCodeTuning\\bin\\Debug\\net5.0\\fine-code-coverage\\coverage-tool-output</ResultsDirectory>\r\n        </Configuration>\r\n      </DataCollector>\r\n    </DataCollectors>\r\n  </DataCollectionRunSettings>\r\n</RunSettings>",
  "TestExecutionContext": {
    "FrequencyOfRunStatsChangeEvent": 10,
    "RunStatsChangeEventTimeout": "00:00:01.5000000",
    "InIsolation": false,
    "KeepAlive": false,
    "AreTestCaseLevelEventsRequired": false,
    "IsDebug": false,
    "TestCaseFilter": null,
    "FilterOptions": null
  },
  "Package": null
}
TpTrace Information: 0 : 14032, 9, 2021/08/23, 11:52:09.286, 1716198593720, testhost.dll, Execution started.
TpTrace Verbose: 0 : 14032, 4, 2021/08/23, 11:52:09.288, 1716198607601, testhost.dll, TestPluginCache.DiscoverTestExtensions: finding test extensions in assemblies ends with: TestAdapter.dll TPluginInfo: Microsoft.VisualStudio.TestPlatform.Common.ExtensionFramework.Utilities.TestExecutorPluginInformation TExtension: Microsoft.VisualStudio.TestPlatform.ObjectModel.Adapter.ITestExecutor
TpTrace Verbose: 0 : 14032, 4, 2021/08/23, 11:52:09.290, 1716198624950, testhost.dll, TestPluginCache.GetExtensionPaths: Filtered extension paths: 
TpTrace Verbose: 0 : 14032, 4, 2021/08/23, 11:52:09.290, 1716198630162, testhost.dll, TestPluginCache.GetExtensionPaths: Added default extension paths: C:\Users\Ehlimana\source\repos\MetrikeRefaktoringCodeTuning\MetrikeRefaktoringCodeTuning\bin\Debug\net5.0\fine-code-coverage\build-output\Microsoft.VisualStudio.TestPlatform.MSTest.TestAdapter.dll
TpTrace Verbose: 0 : 14032, 4, 2021/08/23, 11:52:09.290, 1716198631060, testhost.dll, TestPluginCache.GetExtensionPaths: Added unfilterableExtensionPaths: 
TpTrace Information: 0 : 14032, 4, 2021/08/23, 11:52:09.292, 1716198652967, testhost.dll, AssemblyResolver.ctor: Creating AssemblyResolver with searchDirectories C:\Users\Ehlimana\source\repos\MetrikeRefaktoringCodeTuning\MetrikeRefaktoringCodeTuning\bin\Debug\net5.0\fine-code-coverage\build-output
TpTrace Verbose: 0 : 14032, 4, 2021/08/23, 11:52:09.294, 1716198670906, testhost.dll, TestPluginCache.DiscoverTestExtensions: Discovering the extensions using extension path.
TpTrace Verbose: 0 : 14032, 4, 2021/08/23, 11:52:09.294, 1716198672794, testhost.dll, TestPluginCache.GetExtensionPaths: Filtered extension paths: 
TpTrace Verbose: 0 : 14032, 4, 2021/08/23, 11:52:09.294, 1716198673429, testhost.dll, TestPluginCache.GetExtensionPaths: Added default extension paths: C:\Users\Ehlimana\source\repos\MetrikeRefaktoringCodeTuning\MetrikeRefaktoringCodeTuning\bin\Debug\net5.0\fine-code-coverage\build-output\Microsoft.VisualStudio.TestPlatform.MSTest.TestAdapter.dll
TpTrace Verbose: 0 : 14032, 4, 2021/08/23, 11:52:09.294, 1716198673913, testhost.dll, TestPluginCache.GetExtensionPaths: Added unfilterableExtensionPaths: 
TpTrace Verbose: 0 : 14032, 4, 2021/08/23, 11:52:09.295, 1716198674741, testhost.dll, TestPluginCache.DiscoverTestExtensions: Discovering the extensions using allExtensionPaths: C:\Users\Ehlimana\source\repos\MetrikeRefaktoringCodeTuning\MetrikeRefaktoringCodeTuning\bin\Debug\net5.0\fine-code-coverage\build-output\Microsoft.VisualStudio.TestPlatform.MSTest.TestAdapter.dll
TpTrace Information: 0 : 14032, 4, 2021/08/23, 11:52:09.295, 1716198683581, testhost.dll, AssemblyResolver.AddSearchDirectories: Adding more searchDirectories C:\Users\Ehlimana\source\repos\MetrikeRefaktoringCodeTuning\MetrikeRefaktoringCodeTuning\bin\Debug\net5.0\fine-code-coverage\build-output
TpTrace Information: 0 : 14032, 4, 2021/08/23, 11:52:09.300, 1716198727855, testhost.dll, AssemblyResolver.OnResolve: Microsoft.VisualStudio.TestPlatform.MSTest.TestAdapter: Resolving assembly.
TpTrace Information: 0 : 14032, 4, 2021/08/23, 11:52:09.302, 1716198747058, testhost.dll, AssemblyResolver.OnResolve: Resolved assembly: Microsoft.VisualStudio.TestPlatform.MSTest.TestAdapter, from path: C:\Users\Ehlimana\source\repos\MetrikeRefaktoringCodeTuning\MetrikeRefaktoringCodeTuning\bin\Debug\net5.0\fine-code-coverage\build-output\Microsoft.VisualStudio.TestPlatform.MSTest.TestAdapter.dll
TpTrace Verbose: 0 : 14032, 4, 2021/08/23, 11:52:09.310, 1716198832793, testhost.dll, TestPluginCache: Discovered the extensions using extension path ''.
TpTrace Verbose: 0 : 14032, 4, 2021/08/23, 11:52:09.311, 1716198838162, testhost.dll, TestPluginCache: Discoverers are ''.
TpTrace Verbose: 0 : 14032, 4, 2021/08/23, 11:52:09.311, 1716198839390, testhost.dll, TestPluginCache: Executors are 'executor://MSTestAdapter/v2'.
TpTrace Verbose: 0 : 14032, 4, 2021/08/23, 11:52:09.311, 1716198840245, testhost.dll, TestPluginCache: Executors2 are ''.
TpTrace Verbose: 0 : 14032, 4, 2021/08/23, 11:52:09.311, 1716198841059, testhost.dll, TestPluginCache: Setting providers are ''.
TpTrace Verbose: 0 : 14032, 4, 2021/08/23, 11:52:09.311, 1716198841826, testhost.dll, TestPluginCache: Loggers are ''.
TpTrace Verbose: 0 : 14032, 4, 2021/08/23, 11:52:09.314, 1716198869452, testhost.dll, TestPluginCache.DiscoverTestExtensions: finding test extensions in assemblies ends with: TestAdapter.dll TPluginInfo: Microsoft.VisualStudio.TestPlatform.Common.ExtensionFramework.Utilities.TestExecutorPluginInformation2 TExtension: Microsoft.VisualStudio.TestPlatform.ObjectModel.Adapter.ITestExecutor2
TpTrace Verbose: 0 : 14032, 4, 2021/08/23, 11:52:09.314, 1716198872857, testhost.dll, TestPluginCache.GetExtensionPaths: Filtered extension paths: 
TpTrace Verbose: 0 : 14032, 4, 2021/08/23, 11:52:09.314, 1716198873714, testhost.dll, TestPluginCache.GetExtensionPaths: Added default extension paths: C:\Users\Ehlimana\source\repos\MetrikeRefaktoringCodeTuning\MetrikeRefaktoringCodeTuning\bin\Debug\net5.0\fine-code-coverage\build-output\Microsoft.VisualStudio.TestPlatform.MSTest.TestAdapter.dll
TpTrace Verbose: 0 : 14032, 4, 2021/08/23, 11:52:09.314, 1716198874268, testhost.dll, TestPluginCache.GetExtensionPaths: Added unfilterableExtensionPaths: 
TpTrace Verbose: 0 : 14032, 9, 2021/08/23, 11:52:09.314, 1716198874356, testhost.dll, TcpClientExtensions.MessageLoopAsync: Polling on remoteEndPoint: [::ffff:127.0.0.1]:49393 localEndPoint: [::ffff:127.0.0.1]:49395
TpTrace Information: 0 : 14032, 4, 2021/08/23, 11:52:09.315, 1716198876356, testhost.dll, AssemblyResolver.AddSearchDirectories: Adding more searchDirectories C:\Users\Ehlimana\source\repos\MetrikeRefaktoringCodeTuning\MetrikeRefaktoringCodeTuning\bin\Debug\net5.0\fine-code-coverage\build-output
TpTrace Verbose: 0 : 14032, 4, 2021/08/23, 11:52:09.315, 1716198876987, testhost.dll, TestPluginCache.DiscoverTestExtensions: Discovering the extensions using extension path.
TpTrace Verbose: 0 : 14032, 4, 2021/08/23, 11:52:09.315, 1716198877438, testhost.dll, TestPluginCache.GetExtensionPaths: Filtered extension paths: 
TpTrace Verbose: 0 : 14032, 4, 2021/08/23, 11:52:09.315, 1716198877829, testhost.dll, TestPluginCache.GetExtensionPaths: Added default extension paths: C:\Users\Ehlimana\source\repos\MetrikeRefaktoringCodeTuning\MetrikeRefaktoringCodeTuning\bin\Debug\net5.0\fine-code-coverage\build-output\Microsoft.VisualStudio.TestPlatform.MSTest.TestAdapter.dll
TpTrace Verbose: 0 : 14032, 4, 2021/08/23, 11:52:09.315, 1716198878214, testhost.dll, TestPluginCache.GetExtensionPaths: Added unfilterableExtensionPaths: 
TpTrace Verbose: 0 : 14032, 4, 2021/08/23, 11:52:09.315, 1716198878630, testhost.dll, TestPluginCache.DiscoverTestExtensions: Discovering the extensions using allExtensionPaths: C:\Users\Ehlimana\source\repos\MetrikeRefaktoringCodeTuning\MetrikeRefaktoringCodeTuning\bin\Debug\net5.0\fine-code-coverage\build-output\Microsoft.VisualStudio.TestPlatform.MSTest.TestAdapter.dll
TpTrace Information: 0 : 14032, 4, 2021/08/23, 11:52:09.315, 1716198879166, testhost.dll, AssemblyResolver.AddSearchDirectories: Adding more searchDirectories C:\Users\Ehlimana\source\repos\MetrikeRefaktoringCodeTuning\MetrikeRefaktoringCodeTuning\bin\Debug\net5.0\fine-code-coverage\build-output
TpTrace Verbose: 0 : 14032, 4, 2021/08/23, 11:52:09.315, 1716198882013, testhost.dll, TestPluginCache: Discovered the extensions using extension path ''.
TpTrace Verbose: 0 : 14032, 4, 2021/08/23, 11:52:09.315, 1716198882660, testhost.dll, TestPluginCache: Discoverers are ''.
TpTrace Verbose: 0 : 14032, 4, 2021/08/23, 11:52:09.315, 1716198883244, testhost.dll, TestPluginCache: Executors are 'executor://MSTestAdapter/v2'.
TpTrace Verbose: 0 : 14032, 4, 2021/08/23, 11:52:09.315, 1716198883988, testhost.dll, TestPluginCache: Executors2 are ''.
TpTrace Verbose: 0 : 14032, 4, 2021/08/23, 11:52:09.315, 1716198884420, testhost.dll, TestPluginCache: Setting providers are ''.
TpTrace Verbose: 0 : 14032, 4, 2021/08/23, 11:52:09.316, 1716198884792, testhost.dll, TestPluginCache: Loggers are ''.
TpTrace Information: 0 : 14032, 4, 2021/08/23, 11:52:09.321, 1716198940573, testhost.dll, TestPluginManager.CreateTestExtension: Attempting to load test extension: Microsoft.VisualStudio.TestPlatform.MSTest.TestAdapter.MSTestExecutor
TpTrace Verbose: 0 : 14032, 4, 2021/08/23, 11:52:09.329, 1716199015493, testhost.dll, TestExecutorExtensionManager: Loading executor Microsoft.VisualStudio.TestPlatform.MSTest.TestAdapter.MSTestExecutor
TpTrace Verbose: 0 : 14032, 4, 2021/08/23, 11:52:09.329, 1716199016785, testhost.dll, TestExecutorService: Loaded the executors
TpTrace Verbose: 0 : 14032, 4, 2021/08/23, 11:52:09.330, 1716199025252, testhost.dll, TestPluginCache.DiscoverTestExtensions: finding test extensions in assemblies ends with: TestAdapter.dll TPluginInfo: Microsoft.VisualStudio.TestPlatform.Common.ExtensionFramework.Utilities.TestSettingsProviderPluginInformation TExtension: Microsoft.VisualStudio.TestPlatform.ObjectModel.Adapter.ISettingsProvider
TpTrace Verbose: 0 : 14032, 4, 2021/08/23, 11:52:09.330, 1716199026489, testhost.dll, TestPluginCache.GetExtensionPaths: Filtered extension paths: 
TpTrace Verbose: 0 : 14032, 4, 2021/08/23, 11:52:09.330, 1716199027081, testhost.dll, TestPluginCache.GetExtensionPaths: Added default extension paths: C:\Users\Ehlimana\source\repos\MetrikeRefaktoringCodeTuning\MetrikeRefaktoringCodeTuning\bin\Debug\net5.0\fine-code-coverage\build-output\Microsoft.VisualStudio.TestPlatform.MSTest.TestAdapter.dll
TpTrace Verbose: 0 : 14032, 4, 2021/08/23, 11:52:09.330, 1716199027532, testhost.dll, TestPluginCache.GetExtensionPaths: Added unfilterableExtensionPaths: 
TpTrace Information: 0 : 14032, 4, 2021/08/23, 11:52:09.330, 1716199029067, testhost.dll, AssemblyResolver.AddSearchDirectories: Adding more searchDirectories C:\Users\Ehlimana\source\repos\MetrikeRefaktoringCodeTuning\MetrikeRefaktoringCodeTuning\bin\Debug\net5.0\fine-code-coverage\build-output
TpTrace Verbose: 0 : 14032, 4, 2021/08/23, 11:52:09.330, 1716199029640, testhost.dll, TestPluginCache.DiscoverTestExtensions: Discovering the extensions using extension path.
TpTrace Verbose: 0 : 14032, 4, 2021/08/23, 11:52:09.330, 1716199030133, testhost.dll, TestPluginCache.GetExtensionPaths: Filtered extension paths: 
TpTrace Verbose: 0 : 14032, 4, 2021/08/23, 11:52:09.330, 1716199030562, testhost.dll, TestPluginCache.GetExtensionPaths: Added default extension paths: C:\Users\Ehlimana\source\repos\MetrikeRefaktoringCodeTuning\MetrikeRefaktoringCodeTuning\bin\Debug\net5.0\fine-code-coverage\build-output\Microsoft.VisualStudio.TestPlatform.MSTest.TestAdapter.dll
TpTrace Verbose: 0 : 14032, 4, 2021/08/23, 11:52:09.330, 1716199030951, testhost.dll, TestPluginCache.GetExtensionPaths: Added unfilterableExtensionPaths: 
TpTrace Verbose: 0 : 14032, 4, 2021/08/23, 11:52:09.330, 1716199031369, testhost.dll, TestPluginCache.DiscoverTestExtensions: Discovering the extensions using allExtensionPaths: C:\Users\Ehlimana\source\repos\MetrikeRefaktoringCodeTuning\MetrikeRefaktoringCodeTuning\bin\Debug\net5.0\fine-code-coverage\build-output\Microsoft.VisualStudio.TestPlatform.MSTest.TestAdapter.dll
TpTrace Information: 0 : 14032, 4, 2021/08/23, 11:52:09.330, 1716199031964, testhost.dll, AssemblyResolver.AddSearchDirectories: Adding more searchDirectories C:\Users\Ehlimana\source\repos\MetrikeRefaktoringCodeTuning\MetrikeRefaktoringCodeTuning\bin\Debug\net5.0\fine-code-coverage\build-output
TpTrace Verbose: 0 : 14032, 4, 2021/08/23, 11:52:09.330, 1716199034170, testhost.dll, TestPluginCache: Discovered the extensions using extension path ''.
TpTrace Verbose: 0 : 14032, 4, 2021/08/23, 11:52:09.331, 1716199034735, testhost.dll, TestPluginCache: Discoverers are ''.
TpTrace Verbose: 0 : 14032, 4, 2021/08/23, 11:52:09.331, 1716199035196, testhost.dll, TestPluginCache: Executors are 'executor://MSTestAdapter/v2'.
TpTrace Verbose: 0 : 14032, 4, 2021/08/23, 11:52:09.331, 1716199035598, testhost.dll, TestPluginCache: Executors2 are ''.
TpTrace Verbose: 0 : 14032, 4, 2021/08/23, 11:52:09.331, 1716199036110, testhost.dll, TestPluginCache: Setting providers are ''.
TpTrace Verbose: 0 : 14032, 4, 2021/08/23, 11:52:09.331, 1716199036531, testhost.dll, TestPluginCache: Loggers are ''.
TpTrace Verbose: 0 : 14032, 4, 2021/08/23, 11:52:09.332, 1716199045608, testhost.dll, TestExecutorService: Loaded the settings providers
TpTrace Information: 0 : 14032, 4, 2021/08/23, 11:52:09.332, 1716199046468, testhost.dll, TestExecutorService: Loaded the extensions
TpTrace Information: 0 : 14032, 4, 2021/08/23, 11:52:09.405, 1716199782147, testhost.dll, TestDiscoveryManager: Discovering tests from sources C:\Users\Ehlimana\source\repos\MetrikeRefaktoringCodeTuning\MetrikeRefaktoringCodeTuning\bin\Debug\net5.0\fine-code-coverage\build-output\MetrikeRefaktoringCodeTuning.dll
TpTrace Verbose: 0 : 14032, 4, 2021/08/23, 11:52:09.407, 1716199803645, testhost.dll, TestPluginCache.DiscoverTestExtensions: finding test extensions in assemblies ends with: TestAdapter.dll TPluginInfo: Microsoft.VisualStudio.TestPlatform.Common.ExtensionFramework.Utilities.TestDiscovererPluginInformation TExtension: Microsoft.VisualStudio.TestPlatform.ObjectModel.Adapter.ITestDiscoverer
TpTrace Verbose: 0 : 14032, 4, 2021/08/23, 11:52:09.408, 1716199805132, testhost.dll, TestPluginCache.GetExtensionPaths: Filtered extension paths: 
TpTrace Verbose: 0 : 14032, 4, 2021/08/23, 11:52:09.408, 1716199805717, testhost.dll, TestPluginCache.GetExtensionPaths: Added default extension paths: C:\Users\Ehlimana\source\repos\MetrikeRefaktoringCodeTuning\MetrikeRefaktoringCodeTuning\bin\Debug\net5.0\fine-code-coverage\build-output\Microsoft.VisualStudio.TestPlatform.MSTest.TestAdapter.dll
TpTrace Verbose: 0 : 14032, 4, 2021/08/23, 11:52:09.408, 1716199806190, testhost.dll, TestPluginCache.GetExtensionPaths: Added unfilterableExtensionPaths: 
TpTrace Information: 0 : 14032, 4, 2021/08/23, 11:52:09.408, 1716199807747, testhost.dll, AssemblyResolver.AddSearchDirectories: Adding more searchDirectories C:\Users\Ehlimana\source\repos\MetrikeRefaktoringCodeTuning\MetrikeRefaktoringCodeTuning\bin\Debug\net5.0\fine-code-coverage\build-output
TpTrace Verbose: 0 : 14032, 4, 2021/08/23, 11:52:09.408, 1716199808436, testhost.dll, TestPluginCache.DiscoverTestExtensions: Discovering the extensions using extension path.
TpTrace Verbose: 0 : 14032, 4, 2021/08/23, 11:52:09.408, 1716199808909, testhost.dll, TestPluginCache.GetExtensionPaths: Filtered extension paths: 
TpTrace Verbose: 0 : 14032, 4, 2021/08/23, 11:52:09.408, 1716199809309, testhost.dll, TestPluginCache.GetExtensionPaths: Added default extension paths: C:\Users\Ehlimana\source\repos\MetrikeRefaktoringCodeTuning\MetrikeRefaktoringCodeTuning\bin\Debug\net5.0\fine-code-coverage\build-output\Microsoft.VisualStudio.TestPlatform.MSTest.TestAdapter.dll
TpTrace Verbose: 0 : 14032, 4, 2021/08/23, 11:52:09.408, 1716199809723, testhost.dll, TestPluginCache.GetExtensionPaths: Added unfilterableExtensionPaths: 
TpTrace Verbose: 0 : 14032, 4, 2021/08/23, 11:52:09.408, 1716199810144, testhost.dll, TestPluginCache.DiscoverTestExtensions: Discovering the extensions using allExtensionPaths: C:\Users\Ehlimana\source\repos\MetrikeRefaktoringCodeTuning\MetrikeRefaktoringCodeTuning\bin\Debug\net5.0\fine-code-coverage\build-output\Microsoft.VisualStudio.TestPlatform.MSTest.TestAdapter.dll
TpTrace Information: 0 : 14032, 4, 2021/08/23, 11:52:09.408, 1716199810770, testhost.dll, AssemblyResolver.AddSearchDirectories: Adding more searchDirectories C:\Users\Ehlimana\source\repos\MetrikeRefaktoringCodeTuning\MetrikeRefaktoringCodeTuning\bin\Debug\net5.0\fine-code-coverage\build-output
TpTrace Verbose: 0 : 14032, 4, 2021/08/23, 11:52:09.411, 1716199835164, testhost.dll, TestPluginCache: Discovered the extensions using extension path ''.
TpTrace Verbose: 0 : 14032, 4, 2021/08/23, 11:52:09.411, 1716199836575, testhost.dll, TestPluginCache: Discoverers are 'Microsoft.VisualStudio.TestPlatform.MSTest.TestAdapter.MSTestDiscoverer, Microsoft.VisualStudio.TestPlatform.MSTest.TestAdapter, Version=14.0.0.0, Culture=neutral, PublicKeyToken=b03f5f7f11d50a3a'.
TpTrace Verbose: 0 : 14032, 4, 2021/08/23, 11:52:09.411, 1716199837145, testhost.dll, TestPluginCache: Executors are 'executor://MSTestAdapter/v2'.
TpTrace Verbose: 0 : 14032, 4, 2021/08/23, 11:52:09.411, 1716199837620, testhost.dll, TestPluginCache: Executors2 are ''.
TpTrace Verbose: 0 : 14032, 4, 2021/08/23, 11:52:09.411, 1716199838193, testhost.dll, TestPluginCache: Setting providers are ''.
TpTrace Verbose: 0 : 14032, 4, 2021/08/23, 11:52:09.411, 1716199838678, testhost.dll, TestPluginCache: Loggers are ''.
TpTrace Verbose: 0 : 14032, 4, 2021/08/23, 11:52:09.417, 1716199902798, testhost.dll, BaseRunTests.RunTestInternalWithExecutors: Running tests for executor://MSTestAdapter/v2
TpTrace Information: 0 : 14032, 4, 2021/08/23, 11:52:09.418, 1716199910144, testhost.dll, AssemblyResolver.OnResolve: Microsoft.VisualStudio.TestPlatform.MSTestAdapter.PlatformServices.Interface: Resolving assembly.
TpTrace Information: 0 : 14032, 4, 2021/08/23, 11:52:09.419, 1716199922088, testhost.dll, AssemblyResolver.OnResolve: Resolved assembly: Microsoft.VisualStudio.TestPlatform.MSTestAdapter.PlatformServices.Interface, from path: C:\Users\Ehlimana\source\repos\MetrikeRefaktoringCodeTuning\MetrikeRefaktoringCodeTuning\bin\Debug\net5.0\fine-code-coverage\build-output\Microsoft.VisualStudio.TestPlatform.MSTestAdapter.PlatformServices.Interface.dll
TpTrace Information: 0 : 14032, 4, 2021/08/23, 11:52:09.421, 1716199937763, testhost.dll, AssemblyResolver.OnResolve: Microsoft.VisualStudio.TestPlatform.MSTestAdapter.PlatformServices: Resolving assembly.
TpTrace Information: 0 : 14032, 4, 2021/08/23, 11:52:09.422, 1716199947100, testhost.dll, AssemblyResolver.OnResolve: Resolved assembly: Microsoft.VisualStudio.TestPlatform.MSTestAdapter.PlatformServices, from path: C:\Users\Ehlimana\source\repos\MetrikeRefaktoringCodeTuning\MetrikeRefaktoringCodeTuning\bin\Debug\net5.0\fine-code-coverage\build-output\Microsoft.VisualStudio.TestPlatform.MSTestAdapter.PlatformServices.dll
TpTrace Information: 0 : 14032, 4, 2021/08/23, 11:52:09.422, 1716199951358, testhost.dll, MSTest - MSTestExecutor.RunTests: Running tests from sources.
TpTrace Information: 0 : 14032, 4, 2021/08/23, 11:52:09.425, 1716199980140, testhost.dll, MSTest - CollectSourceInformation value Found : False 
TpTrace Information: 0 : 14032, 4, 2021/08/23, 11:52:09.446, 1716200192328, testhost.dll, AssemblyResolver.OnResolve: Microsoft.TestPlatform.AdapterUtilities: Resolving assembly.
TpTrace Information: 0 : 14032, 4, 2021/08/23, 11:52:09.447, 1716200200352, testhost.dll, AssemblyResolver.OnResolve: Resolved assembly: Microsoft.TestPlatform.AdapterUtilities, from path: C:\Users\Ehlimana\source\repos\MetrikeRefaktoringCodeTuning\MetrikeRefaktoringCodeTuning\bin\Debug\net5.0\fine-code-coverage\build-output\Microsoft.TestPlatform.AdapterUtilities.dll
TpTrace Information: 0 : 14032, 4, 2021/08/23, 11:52:09.459, 1716200315140, testhost.dll, MSTest - MSTestDiscoverer: Found 7 tests from source C:\Users\Ehlimana\source\repos\MetrikeRefaktoringCodeTuning\MetrikeRefaktoringCodeTuning\bin\Debug\net5.0\fine-code-coverage\build-output\MetrikeRefaktoringCodeTuning.dll
TpTrace Information: 0 : 14032, 4, 2021/08/23, 11:52:09.475, 1716200483675, testhost.dll, AssemblyResolver.OnResolve: Microsoft.VisualStudio.TestPlatform.MSTestAdapter.PlatformServices.resources: Resolving assembly.
TpTrace Information: 0 : 14032, 4, 2021/08/23, 11:52:09.476, 1716200488284, testhost.dll, AssemblyResolver.OnResolve: Microsoft.VisualStudio.TestPlatform.MSTestAdapter.PlatformServices.resources: Failed to load assembly.
TpTrace Information: 0 : 14032, 4, 2021/08/23, 11:52:09.477, 1716200496918, testhost.dll, AssemblyResolver.OnResolve: Microsoft.VisualStudio.TestPlatform.MSTestAdapter.PlatformServices.resources: Resolving assembly.
TpTrace Information: 0 : 14032, 4, 2021/08/23, 11:52:09.477, 1716200499003, testhost.dll, AssemblyResolver.OnResolve: Microsoft.VisualStudio.TestPlatform.MSTestAdapter.PlatformServices.resources: Resolved from cache.
TpTrace Information: 0 : 14032, 4, 2021/08/23, 11:52:09.492, 1716200650202, testhost.dll, MSTest - Created unit-test runner C:\Users\Ehlimana\source\repos\MetrikeRefaktoringCodeTuning\MetrikeRefaktoringCodeTuning\bin\Debug\net5.0\fine-code-coverage\build-output\MetrikeRefaktoringCodeTuning.dll
TpTrace Verbose: 0 : 14032, 4, 2021/08/23, 11:52:09.498, 1716200708437, testhost.dll, TestExecutionRecorder.RecordStart: Starting test: MetrikeRefaktoringCodeTuning.Primjer4.Put1.
TpTrace Information: 0 : 14032, 4, 2021/08/23, 11:52:09.590, 1716201628522, testhost.dll, MSTest - Executing test Put1
TpTrace Information: 0 : 14032, 4, 2021/08/23, 11:52:09.629, 1716202024170, testhost.dll, MSTest - Executed test Put1
TpTrace Verbose: 0 : 14032, 4, 2021/08/23, 11:52:09.634, 1716202068688, testhost.dll, TestExecutionRecorder.RecordEnd: test: MetrikeRefaktoringCodeTuning.Primjer4.Put1 execution completed.
TpTrace Verbose: 0 : 14032, 4, 2021/08/23, 11:52:09.656, 1716202285588, testhost.dll, TestExecutionRecorder.RecordResult: Received result for test: MetrikeRefaktoringCodeTuning.Primjer4.Put1.
TpTrace Warning: 0 : 14032, 4, 2021/08/23, 11:52:09.662, 1716202352214, testhost.dll, TestRunCache: InProgressTests is null
TpTrace Warning: 0 : 14032, 4, 2021/08/23, 11:52:09.663, 1716202355643, testhost.dll, TestRunCache: No test found corresponding to testResult '' in inProgress list.
TpTrace Verbose: 0 : 14032, 4, 2021/08/23, 11:52:09.663, 1716202357318, testhost.dll, TestExecutionRecorder.RecordStart: Starting test: MetrikeRefaktoringCodeTuning.Primjer4.Put2.
TpTrace Information: 0 : 14032, 4, 2021/08/23, 11:52:09.665, 1716202377755, testhost.dll, MSTest - Executing test Put2
TpTrace Information: 0 : 14032, 4, 2021/08/23, 11:52:09.666, 1716202384884, testhost.dll, MSTest - Executed test Put2
TpTrace Verbose: 0 : 14032, 4, 2021/08/23, 11:52:09.666, 1716202386584, testhost.dll, TestExecutionRecorder.RecordEnd: test: MetrikeRefaktoringCodeTuning.Primjer4.Put2 execution completed.
TpTrace Verbose: 0 : 14032, 4, 2021/08/23, 11:52:09.667, 1716202403496, testhost.dll, TestExecutionRecorder.RecordResult: Received result for test: MetrikeRefaktoringCodeTuning.Primjer4.Put2.
TpTrace Warning: 0 : 14032, 4, 2021/08/23, 11:52:09.668, 1716202405012, testhost.dll, TestRunCache: InProgressTests is null
TpTrace Warning: 0 : 14032, 4, 2021/08/23, 11:52:09.668, 1716202405713, testhost.dll, TestRunCache: No test found corresponding to testResult '' in inProgress list.
TpTrace Verbose: 0 : 14032, 4, 2021/08/23, 11:52:09.668, 1716202406571, testhost.dll, TestExecutionRecorder.RecordStart: Starting test: MetrikeRefaktoringCodeTuning.Primjer4.Put3.
TpTrace Information: 0 : 14032, 4, 2021/08/23, 11:52:09.670, 1716202430919, testhost.dll, MSTest - Executing test Put3
TpTrace Information: 0 : 14032, 4, 2021/08/23, 11:52:09.671, 1716202436640, testhost.dll, MSTest - Executed test Put3
TpTrace Verbose: 0 : 14032, 4, 2021/08/23, 11:52:09.671, 1716202437865, testhost.dll, TestExecutionRecorder.RecordEnd: test: MetrikeRefaktoringCodeTuning.Primjer4.Put3 execution completed.
TpTrace Verbose: 0 : 14032, 4, 2021/08/23, 11:52:09.672, 1716202454220, testhost.dll, TestExecutionRecorder.RecordResult: Received result for test: MetrikeRefaktoringCodeTuning.Primjer4.Put3.
TpTrace Warning: 0 : 14032, 4, 2021/08/23, 11:52:09.673, 1716202455791, testhost.dll, TestRunCache: InProgressTests is null
TpTrace Warning: 0 : 14032, 4, 2021/08/23, 11:52:09.673, 1716202456588, testhost.dll, TestRunCache: No test found corresponding to testResult '' in inProgress list.
TpTrace Verbose: 0 : 14032, 4, 2021/08/23, 11:52:09.673, 1716202457522, testhost.dll, TestExecutionRecorder.RecordStart: Starting test: MetrikeRefaktoringCodeTuning.Primjer4.Put4.
TpTrace Information: 0 : 14032, 4, 2021/08/23, 11:52:09.675, 1716202478326, testhost.dll, MSTest - Executing test Put4
TpTrace Information: 0 : 14032, 4, 2021/08/23, 11:52:09.675, 1716202484453, testhost.dll, MSTest - Executed test Put4
TpTrace Verbose: 0 : 14032, 4, 2021/08/23, 11:52:09.676, 1716202485960, testhost.dll, TestExecutionRecorder.RecordEnd: test: MetrikeRefaktoringCodeTuning.Primjer4.Put4 execution completed.
TpTrace Verbose: 0 : 14032, 4, 2021/08/23, 11:52:09.678, 1716202509940, testhost.dll, TestExecutionRecorder.RecordResult: Received result for test: MetrikeRefaktoringCodeTuning.Primjer4.Put4.
TpTrace Warning: 0 : 14032, 4, 2021/08/23, 11:52:09.678, 1716202511530, testhost.dll, TestRunCache: InProgressTests is null
TpTrace Warning: 0 : 14032, 4, 2021/08/23, 11:52:09.678, 1716202513174, testhost.dll, TestRunCache: No test found corresponding to testResult '' in inProgress list.
TpTrace Verbose: 0 : 14032, 4, 2021/08/23, 11:52:09.678, 1716202514323, testhost.dll, TestExecutionRecorder.RecordStart: Starting test: MetrikeRefaktoringCodeTuning.Primjer4.Put5.
TpTrace Information: 0 : 14032, 4, 2021/08/23, 11:52:09.681, 1716202534988, testhost.dll, MSTest - Executing test Put5
TpTrace Information: 0 : 14032, 4, 2021/08/23, 11:52:09.681, 1716202541066, testhost.dll, MSTest - Executed test Put5
TpTrace Verbose: 0 : 14032, 4, 2021/08/23, 11:52:09.681, 1716202543057, testhost.dll, TestExecutionRecorder.RecordEnd: test: MetrikeRefaktoringCodeTuning.Primjer4.Put5 execution completed.
TpTrace Verbose: 0 : 14032, 4, 2021/08/23, 11:52:09.683, 1716202560212, testhost.dll, TestExecutionRecorder.RecordResult: Received result for test: MetrikeRefaktoringCodeTuning.Primjer4.Put5.
TpTrace Warning: 0 : 14032, 4, 2021/08/23, 11:52:09.683, 1716202561705, testhost.dll, TestRunCache: InProgressTests is null
TpTrace Warning: 0 : 14032, 4, 2021/08/23, 11:52:09.683, 1716202562415, testhost.dll, TestRunCache: No test found corresponding to testResult '' in inProgress list.
TpTrace Verbose: 0 : 14032, 4, 2021/08/23, 11:52:09.683, 1716202563221, testhost.dll, TestExecutionRecorder.RecordStart: Starting test: MetrikeRefaktoringCodeTuning.Primjer5Test.TestTuning.
TpTrace Information: 0 : 14032, 4, 2021/08/23, 11:52:09.685, 1716202582702, testhost.dll, MSTest - Executing test TestTuning
TpTrace Verbose: 0 : 14032, 9, 2021/08/23, 11:52:10.327, 1716208994659, testhost.dll, TcpClientExtensions.MessageLoopAsync: Polling on remoteEndPoint: [::ffff:127.0.0.1]:49393 localEndPoint: [::ffff:127.0.0.1]:49395
TpTrace Information: 0 : 14032, 11, 2021/08/23, 11:52:10.870, 1716214432922, testhost.dll, Sending test run statistics
TpTrace Verbose: 0 : 14032, 11, 2021/08/23, 11:52:10.937, 1716215096666, testhost.dll, TestRequestHandler.SendData:  sending data from testhost: {"Version":5,"MessageType":"TestExecution.StatsChange","Payload":{"NewTestResults":[{"TestCase":{"Id":"4fa65dd8-c1e0-ff3f-2ee7-ac824320b2af","FullyQualifiedName":"MetrikeRefaktoringCodeTuning.Primjer4.Put1","DisplayName":"Put1","ExecutorUri":"executor://MSTestAdapter/v2","Source":"C:\\Users\\Ehlimana\\source\\repos\\MetrikeRefaktoringCodeTuning\\MetrikeRefaktoringCodeTuning\\bin\\Debug\\net5.0\\fine-code-coverage\\build-output\\MetrikeRefaktoringCodeTuning.dll","CodeFilePath":null,"LineNumber":-1,"Properties":[{"Key":{"Id":"TestCase.ManagedType","Label":"ManagedType","Category":"","Description":"","Attributes":1,"ValueType":"System.String"},"Value":"MetrikeRefaktoringCodeTuning.Primjer4"},{"Key":{"Id":"TestCase.ManagedMethod","Label":"ManagedMethod","Category":"","Description":"","Attributes":1,"ValueType":"System.String"},"Value":"Put1"},{"Key":{"Id":"MSTestDiscoverer.TestClassName","Label":"ClassName","Category":"","Description":"","Attributes":1,"ValueType":"System.String"},"Value":"MetrikeRefaktoringCodeTuning.Primjer4"},{"Key":{"Id":"TestObject.Traits","Label":"Traits","Category":"","Description":"","Attributes":5,"ValueType":"System.Collections.Generic.KeyValuePair`2[[System.String],[System.String]][]"},"Value":[]}]},"Attachments":[],"Outcome":1,"ErrorMessage":null,"ErrorStackTrace":null,"DisplayName":null,"Messages":[],"ComputerName":null,"Duration":"00:00:00.0049120","StartTime":"2021-08-23T11:52:09.5902994+02:00","EndTime":"2021-08-23T11:52:09.6301409+02:00","Properties":[{"Key":{"Id":"ExecutionId","Label":"ExecutionId","Category":"","Description":"","Attributes":1,"ValueType":"System.Guid"},"Value":"00000000-0000-0000-0000-000000000000"},{"Key":{"Id":"ParentExecId","Label":"ParentExecId","Category":"","Description":"","Attributes":1,"ValueType":"System.Guid"},"Value":"00000000-0000-0000-0000-000000000000"},{"Key":{"Id":"InnerResultsCount","Label":"InnerResultsCount","Category":"","Description":"","Attributes":1,"ValueType":"System.Int32"},"Value":0}]},{"TestCase":{"Id":"97638462-02be-5f62-ee1a-0ffb87362170","FullyQualifiedName":"MetrikeRefaktoringCodeTuning.Primjer4.Put2","DisplayName":"Put2","ExecutorUri":"executor://MSTestAdapter/v2","Source":"C:\\Users\\Ehlimana\\source\\repos\\MetrikeRefaktoringCodeTuning\\MetrikeRefaktoringCodeTuning\\bin\\Debug\\net5.0\\fine-code-coverage\\build-output\\MetrikeRefaktoringCodeTuning.dll","CodeFilePath":null,"LineNumber":-1,"Properties":[{"Key":{"Id":"TestCase.ManagedType","Label":"ManagedType","Category":"","Description":"","Attributes":1,"ValueType":"System.String"},"Value":"MetrikeRefaktoringCodeTuning.Primjer4"},{"Key":{"Id":"TestCase.ManagedMethod","Label":"ManagedMethod","Category":"","Description":"","Attributes":1,"ValueType":"System.String"},"Value":"Put2"},{"Key":{"Id":"MSTestDiscoverer.TestClassName","Label":"ClassName","Category":"","Description":"","Attributes":1,"ValueType":"System.String"},"Value":"MetrikeRefaktoringCodeTuning.Primjer4"},{"Key":{"Id":"TestObject.Traits","Label":"Traits","Category":"","Description":"","Attributes":5,"ValueType":"System.Collections.Generic.KeyValuePair`2[[System.String],[System.String]][]"},"Value":[]}]},"Attachments":[],"Outcome":1,"ErrorMessage":null,"ErrorStackTrace":null,"DisplayName":null,"Messages":[],"ComputerName":null,"Duration":"00:00:00.0002768","StartTime":"2021-08-23T11:52:09.6653058+02:00","EndTime":"2021-08-23T11:52:09.6661742+02:00","Properties":[{"Key":{"Id":"ExecutionId","Label":"ExecutionId","Category":"","Description":"","Attributes":1,"ValueType":"System.Guid"},"Value":"00000000-0000-0000-0000-000000000000"},{"Key":{"Id":"ParentExecId","Label":"ParentExecId","Category":"","Description":"","Attributes":1,"ValueType":"System.Guid"},"Value":"00000000-0000-0000-0000-000000000000"},{"Key":{"Id":"InnerResultsCount","Label":"InnerResultsCount","Category":"","Description":"","Attributes":1,"ValueType":"System.Int32"},"Value":0}]},{"TestCase":{"Id":"4e3fba71-42c8-c906-6903-0b6351a0d779","FullyQualifiedName":"MetrikeRefaktoringCodeTuning.Primjer4.Put3","DisplayName":"Put3","ExecutorUri":"executor://MSTestAdapter/v2","Source":"C:\\Users\\Ehlimana\\source\\repos\\MetrikeRefaktoringCodeTuning\\MetrikeRefaktoringCodeTuning\\bin\\Debug\\net5.0\\fine-code-coverage\\build-output\\MetrikeRefaktoringCodeTuning.dll","CodeFilePath":null,"LineNumber":-1,"Properties":[{"Key":{"Id":"TestCase.ManagedType","Label":"ManagedType","Category":"","Description":"","Attributes":1,"ValueType":"System.String"},"Value":"MetrikeRefaktoringCodeTuning.Primjer4"},{"Key":{"Id":"TestCase.ManagedMethod","Label":"ManagedMethod","Category":"","Description":"","Attributes":1,"ValueType":"System.String"},"Value":"Put3"},{"Key":{"Id":"MSTestDiscoverer.TestClassName","Label":"ClassName","Category":"","Description":"","Attributes":1,"ValueType":"System.String"},"Value":"MetrikeRefaktoringCodeTuning.Primjer4"},{"Key":{"Id":"TestObject.Traits","Label":"Traits","Category":"","Description":"","Attributes":5,"ValueType":"System.Collections.Generic.KeyValuePair`2[[System.String],[System.String]][]"},"Value":[]}]},"Attachments":[],"Outcome":1,"ErrorMessage":null,"ErrorStackTrace":null,"DisplayName":null,"Messages":[],"ComputerName":null,"Duration":"00:00:00.0002192","StartTime":"2021-08-23T11:52:09.6706215+02:00","EndTime":"2021-08-23T11:52:09.6713193+02:00","Properties":[{"Key":{"Id":"ExecutionId","Label":"ExecutionId","Category":"","Description":"","Attributes":1,"ValueType":"System.Guid"},"Value":"00000000-0000-0000-0000-000000000000"},{"Key":{"Id":"ParentExecId","Label":"ParentExecId","Category":"","Description":"","Attributes":1,"ValueType":"System.Guid"},"Value":"00000000-0000-0000-0000-000000000000"},{"Key":{"Id":"InnerResultsCount","Label":"InnerResultsCount","Category":"","Description":"","Attributes":1,"ValueType":"System.Int32"},"Value":0}]},{"TestCase":{"Id":"37af771b-603c-c1a2-beb4-dc9afda5c559","FullyQualifiedName":"MetrikeRefaktoringCodeTuning.Primjer4.Put4","DisplayName":"Put4","ExecutorUri":"executor://MSTestAdapter/v2","Source":"C:\\Users\\Ehlimana\\source\\repos\\MetrikeRefaktoringCodeTuning\\MetrikeRefaktoringCodeTuning\\bin\\Debug\\net5.0\\fine-code-coverage\\build-output\\MetrikeRefaktoringCodeTuning.dll","CodeFilePath":null,"LineNumber":-1,"Properties":[{"Key":{"Id":"TestCase.ManagedType","Label":"ManagedType","Category":"","Description":"","Attributes":1,"ValueType":"System.String"},"Value":"MetrikeRefaktoringCodeTuning.Primjer4"},{"Key":{"Id":"TestCase.ManagedMethod","Label":"ManagedMethod","Category":"","Description":"","Attributes":1,"ValueType":"System.String"},"Value":"Put4"},{"Key":{"Id":"MSTestDiscoverer.TestClassName","Label":"ClassName","Category":"","Description":"","Attributes":1,"ValueType":"System.String"},"Value":"MetrikeRefaktoringCodeTuning.Primjer4"},{"Key":{"Id":"TestObject.Traits","Label":"Traits","Category":"","Description":"","Attributes":5,"ValueType":"System.Collections.Generic.KeyValuePair`2[[System.String],[System.String]][]"},"Value":[]}]},"Attachments":[],"Outcome":1,"ErrorMessage":null,"ErrorStackTrace":null,"DisplayName":null,"Messages":[],"ComputerName":null,"Duration":"00:00:00.0002791","StartTime":"2021-08-23T11:52:09.6753643+02:00","EndTime":"2021-08-23T11:52:09.6761262+02:00","Properties":[{"Key":{"Id":"ExecutionId","Label":"ExecutionId","Category":"","Description":"","Attributes":1,"ValueType":"System.Guid"},"Value":"00000000-0000-0000-0000-000000000000"},{"Key":{"Id":"ParentExecId","Label":"ParentExecId","Category":"","Description":"","Attributes":1,"ValueType":"System.Guid"},"Value":"00000000-0000-0000-0000-000000000000"},{"Key":{"Id":"InnerResultsCount","Label":"InnerResultsCount","Category":"","Description":"","Attributes":1,"ValueType":"System.Int32"},"Value":0}]},{"TestCase":{"Id":"5927e74d-879e-bc81-c484-be8effaa06f9","FullyQualifiedName":"MetrikeRefaktoringCodeTuning.Primjer4.Put5","DisplayName":"Put5","ExecutorUri":"executor://MSTestAdapter/v2","Source":"C:\\Users\\Ehlimana\\source\\repos\\MetrikeRefaktoringCodeTuning\\MetrikeRefaktoringCodeTuning\\bin\\Debug\\net5.0\\fine-code-coverage\\build-output\\MetrikeRefaktoringCodeTuning.dll","CodeFilePath":null,"LineNumber":-1,"Properties":[{"Key":{"Id":"TestCase.ManagedType","Label":"ManagedType","Category":"","Description":"","Attributes":1,"ValueType":"System.String"},"Value":"MetrikeRefaktoringCodeTuning.Primjer4"},{"Key":{"Id":"TestCase.ManagedMethod","Label":"ManagedMethod","Category":"","Description":"","Attributes":1,"ValueType":"System.String"},"Value":"Put5"},{"Key":{"Id":"MSTestDiscoverer.TestClassName","Label":"ClassName","Category":"","Description":"","Attributes":1,"ValueType":"System.String"},"Value":"MetrikeRefaktoringCodeTuning.Primjer4"},{"Key":{"Id":"TestObject.Traits","Label":"Traits","Category":"","Description":"","Attributes":5,"ValueType":"System.Collections.Generic.KeyValuePair`2[[System.String],[System.String]][]"},"Value":[]}]},"Attachments":[],"Outcome":1,"ErrorMessage":null,"ErrorStackTrace":null,"DisplayName":null,"Messages":[],"ComputerName":null,"Duration":"00:00:00.0002598","StartTime":"2021-08-23T11:52:09.6810278+02:00","EndTime":"2021-08-23T11:52:09.6818365+02:00","Properties":[{"Key":{"Id":"ExecutionId","Label":"ExecutionId","Category":"","Description":"","Attributes":1,"ValueType":"System.Guid"},"Value":"00000000-0000-0000-0000-000000000000"},{"Key":{"Id":"ParentExecId","Label":"ParentExecId","Category":"","Description":"","Attributes":1,"ValueType":"System.Guid"},"Value":"00000000-0000-0000-0000-000000000000"},{"Key":{"Id":"InnerResultsCount","Label":"InnerResultsCount","Category":"","Description":"","Attributes":1,"ValueType":"System.Int32"},"Value":0}]}],"TestRunStatistics":{"ExecutedTests":5,"Stats":{"Passed":5}},"ActiveTests":[{"Id":"3bcc9801-0d17-51bc-592c-235e5e0582bf","FullyQualifiedName":"MetrikeRefaktoringCodeTuning.Primjer5Test.TestTuning","DisplayName":"TestTuning","ExecutorUri":"executor://MSTestAdapter/v2","Source":"C:\\Users\\Ehlimana\\source\\repos\\MetrikeRefaktoringCodeTuning\\MetrikeRefaktoringCodeTuning\\bin\\Debug\\net5.0\\fine-code-coverage\\build-output\\MetrikeRefaktoringCodeTuning.dll","CodeFilePath":null,"LineNumber":-1,"Properties":[{"Key":{"Id":"TestCase.ManagedType","Label":"ManagedType","Category":"","Description":"","Attributes":1,"ValueType":"System.String"},"Value":"MetrikeRefaktoringCodeTuning.Primjer5Test"},{"Key":{"Id":"TestCase.ManagedMethod","Label":"ManagedMethod","Category":"","Description":"","Attributes":1,"ValueType":"System.String"},"Value":"TestTuning"},{"Key":{"Id":"MSTestDiscoverer.TestClassName","Label":"ClassName","Category":"","Description":"","Attributes":1,"ValueType":"System.String"},"Value":"MetrikeRefaktoringCodeTuning.Primjer5Test"},{"Key":{"Id":"TestObject.Traits","Label":"Traits","Category":"","Description":"","Attributes":5,"ValueType":"System.Collections.Generic.KeyValuePair`2[[System.String],[System.String]][]"},"Value":[]}]}]}}
TpTrace Verbose: 0 : 14032, 11, 2021/08/23, 11:52:10.937, 1716215101966, testhost.dll, TestRunCache: OnNewTestResult: Notified the onCacheHit callback.
TpTrace Verbose: 0 : 14032, 9, 2021/08/23, 11:52:11.332, 1716219049854, testhost.dll, TcpClientExtensions.MessageLoopAsync: Polling on remoteEndPoint: [::ffff:127.0.0.1]:49393 localEndPoint: [::ffff:127.0.0.1]:49395
TpTrace Information: 0 : 14032, 4, 2021/08/23, 11:52:11.992, 1716225650359, testhost.dll, MSTest - Executed test TestTuning
TpTrace Verbose: 0 : 14032, 4, 2021/08/23, 11:52:11.992, 1716225651839, testhost.dll, TestExecutionRecorder.RecordEnd: test: MetrikeRefaktoringCodeTuning.Primjer5Test.TestTuning execution completed.
TpTrace Warning: 0 : 14032, 4, 2021/08/23, 11:52:11.992, 1716225652423, testhost.dll, TestRunCache: InProgressTests is null
TpTrace Verbose: 0 : 14032, 4, 2021/08/23, 11:52:11.994, 1716225665585, testhost.dll, TestExecutionRecorder.RecordResult: Received result for test: MetrikeRefaktoringCodeTuning.Primjer5Test.TestTuning.
TpTrace Warning: 0 : 14032, 4, 2021/08/23, 11:52:11.994, 1716225666830, testhost.dll, TestRunCache: InProgressTests is null
TpTrace Warning: 0 : 14032, 4, 2021/08/23, 11:52:11.994, 1716225667372, testhost.dll, TestRunCache: No test found corresponding to testResult '' in inProgress list.
TpTrace Verbose: 0 : 14032, 4, 2021/08/23, 11:52:11.994, 1716225668064, testhost.dll, TestExecutionRecorder.RecordStart: Starting test: MetrikeRefaktoringCodeTuning.UnitTest1.TestMethod1.
TpTrace Information: 0 : 14032, 4, 2021/08/23, 11:52:11.995, 1716225678781, testhost.dll, MSTest - Executing test TestMethod1
TpTrace Information: 0 : 14032, 4, 2021/08/23, 11:52:11.995, 1716225684442, testhost.dll, MSTest - Executed test TestMethod1
TpTrace Verbose: 0 : 14032, 4, 2021/08/23, 11:52:11.996, 1716225685388, testhost.dll, TestExecutionRecorder.RecordEnd: test: MetrikeRefaktoringCodeTuning.UnitTest1.TestMethod1 execution completed.
TpTrace Verbose: 0 : 14032, 4, 2021/08/23, 11:52:11.997, 1716225701268, testhost.dll, TestExecutionRecorder.RecordResult: Received result for test: MetrikeRefaktoringCodeTuning.UnitTest1.TestMethod1.
TpTrace Warning: 0 : 14032, 4, 2021/08/23, 11:52:11.997, 1716225702702, testhost.dll, TestRunCache: InProgressTests is null
TpTrace Warning: 0 : 14032, 4, 2021/08/23, 11:52:11.997, 1716225703467, testhost.dll, TestRunCache: No test found corresponding to testResult '' in inProgress list.
TpTrace Information: 0 : 14032, 4, 2021/08/23, 11:52:11.998, 1716225707099, testhost.dll, MSTest - Executing cleanup methods.
TpTrace Information: 0 : 14032, 4, 2021/08/23, 11:52:12.000, 1716225727413, testhost.dll, MSTest - Executed cleanup methods.
TpTrace Information: 0 : 14032, 4, 2021/08/23, 11:52:12.000, 1716225728899, testhost.dll, MSTest - Executed tests belonging to source C:\Users\Ehlimana\source\repos\MetrikeRefaktoringCodeTuning\MetrikeRefaktoringCodeTuning\bin\Debug\net5.0\fine-code-coverage\build-output\MetrikeRefaktoringCodeTuning.dll
TpTrace Information: 0 : 14032, 4, 2021/08/23, 11:52:12.000, 1716225733327, testhost.dll, Deleting deployment directory C:\Users\Ehlimana\source\repos\MetrikeRefaktoringCodeTuning\MetrikeRefaktoringCodeTuning\bin\Debug\net5.0\fine-code-coverage\coverage-tool-output\Deploy_Ehlimana 2021-08-23 11_52_09
TpTrace Information: 0 : 14032, 4, 2021/08/23, 11:52:12.003, 1716225759349, testhost.dll, Deleted deployment directory C:\Users\Ehlimana\source\repos\MetrikeRefaktoringCodeTuning\MetrikeRefaktoringCodeTuning\bin\Debug\net5.0\fine-code-coverage\coverage-tool-output\Deploy_Ehlimana 2021-08-23 11_52_09
TpTrace Verbose: 0 : 14032, 4, 2021/08/23, 11:52:12.004, 1716225766816, testhost.dll, BaseRunTests.RunTestInternalWithExecutors: Completed running tests for executor://MSTestAdapter/v2
TpTrace Information: 0 : 14032, 4, 2021/08/23, 11:52:12.007, 1716225798222, testhost.dll, Sending test run complete
TpTrace Verbose: 0 : 14032, 4, 2021/08/23, 11:52:12.015, 1716225883940, testhost.dll, TestRequestHandler.SendData:  sending data from testhost: {"Version":5,"MessageType":"TestExecution.Completed","Payload":{"TestRunCompleteArgs":{"TestRunStatistics":{"ExecutedTests":7,"Stats":{"Passed":7}},"IsCanceled":false,"IsAborted":false,"Error":null,"AttachmentSets":[],"ElapsedTimeInRunningTests":"00:00:02.5911919","Metrics":{}},"LastRunTests":{"NewTestResults":[{"TestCase":{"Id":"3bcc9801-0d17-51bc-592c-235e5e0582bf","FullyQualifiedName":"MetrikeRefaktoringCodeTuning.Primjer5Test.TestTuning","DisplayName":"TestTuning","ExecutorUri":"executor://MSTestAdapter/v2","Source":"C:\\Users\\Ehlimana\\source\\repos\\MetrikeRefaktoringCodeTuning\\MetrikeRefaktoringCodeTuning\\bin\\Debug\\net5.0\\fine-code-coverage\\build-output\\MetrikeRefaktoringCodeTuning.dll","CodeFilePath":null,"LineNumber":-1,"Properties":[{"Key":{"Id":"TestCase.ManagedType","Label":"ManagedType","Category":"","Description":"","Attributes":1,"ValueType":"System.String"},"Value":"MetrikeRefaktoringCodeTuning.Primjer5Test"},{"Key":{"Id":"TestCase.ManagedMethod","Label":"ManagedMethod","Category":"","Description":"","Attributes":1,"ValueType":"System.String"},"Value":"TestTuning"},{"Key":{"Id":"MSTestDiscoverer.TestClassName","Label":"ClassName","Category":"","Description":"","Attributes":1,"ValueType":"System.String"},"Value":"MetrikeRefaktoringCodeTuning.Primjer5Test"},{"Key":{"Id":"TestObject.Traits","Label":"Traits","Category":"","Description":"","Attributes":5,"ValueType":"System.Collections.Generic.KeyValuePair`2[[System.String],[System.String]][]"},"Value":[]}]},"Attachments":[],"Outcome":1,"ErrorMessage":null,"ErrorStackTrace":null,"DisplayName":null,"Messages":[],"ComputerName":null,"Duration":"00:00:02.3063164","StartTime":"2021-08-23T11:52:09.6858024+02:00","EndTime":"2021-08-23T11:52:11.9927103+02:00","Properties":[{"Key":{"Id":"ExecutionId","Label":"ExecutionId","Category":"","Description":"","Attributes":1,"ValueType":"System.Guid"},"Value":"00000000-0000-0000-0000-000000000000"},{"Key":{"Id":"ParentExecId","Label":"ParentExecId","Category":"","Description":"","Attributes":1,"ValueType":"System.Guid"},"Value":"00000000-0000-0000-0000-000000000000"},{"Key":{"Id":"InnerResultsCount","Label":"InnerResultsCount","Category":"","Description":"","Attributes":1,"ValueType":"System.Int32"},"Value":0}]},{"TestCase":{"Id":"96faec82-f904-e800-824b-e9ad28f1ed73","FullyQualifiedName":"MetrikeRefaktoringCodeTuning.UnitTest1.TestMethod1","DisplayName":"TestMethod1","ExecutorUri":"executor://MSTestAdapter/v2","Source":"C:\\Users\\Ehlimana\\source\\repos\\MetrikeRefaktoringCodeTuning\\MetrikeRefaktoringCodeTuning\\bin\\Debug\\net5.0\\fine-code-coverage\\build-output\\MetrikeRefaktoringCodeTuning.dll","CodeFilePath":null,"LineNumber":-1,"Properties":[{"Key":{"Id":"TestCase.ManagedType","Label":"ManagedType","Category":"","Description":"","Attributes":1,"ValueType":"System.String"},"Value":"MetrikeRefaktoringCodeTuning.UnitTest1"},{"Key":{"Id":"TestCase.ManagedMethod","Label":"ManagedMethod","Category":"","Description":"","Attributes":1,"ValueType":"System.String"},"Value":"TestMethod1"},{"Key":{"Id":"MSTestDiscoverer.TestClassName","Label":"ClassName","Category":"","Description":"","Attributes":1,"ValueType":"System.String"},"Value":"MetrikeRefaktoringCodeTuning.UnitTest1"},{"Key":{"Id":"TestObject.Traits","Label":"Traits","Category":"","Description":"","Attributes":5,"ValueType":"System.Collections.Generic.KeyValuePair`2[[System.String],[System.String]][]"},"Value":[]}]},"Attachments":[],"Outcome":1,"ErrorMessage":null,"ErrorStackTrace":null,"DisplayName":null,"Messages":[],"ComputerName":null,"Duration":"00:00:00.0001353","StartTime":"2021-08-23T11:52:11.9954124+02:00","EndTime":"2021-08-23T11:52:11.9960753+02:00","Properties":[{"Key":{"Id":"ExecutionId","Label":"ExecutionId","Category":"","Description":"","Attributes":1,"ValueType":"System.Guid"},"Value":"00000000-0000-0000-0000-000000000000"},{"Key":{"Id":"ParentExecId","Label":"ParentExecId","Category":"","Description":"","Attributes":1,"ValueType":"System.Guid"},"Value":"00000000-0000-0000-0000-000000000000"},{"Key":{"Id":"InnerResultsCount","Label":"InnerResultsCount","Category":"","Description":"","Attributes":1,"ValueType":"System.Int32"},"Value":0}]}],"TestRunStatistics":{"ExecutedTests":7,"Stats":{"Passed":7}},"ActiveTests":[]},"RunAttachments":[],"ExecutorUris":["executor://mstestadapter/v2"]}}
TpTrace Verbose: 0 : 14032, 4, 2021/08/23, 11:52:12.035, 1716226084504, testhost.dll, BaseRunTests.RunTests: Run is complete.
TpTrace Verbose: 0 : 14032, 9, 2021/08/23, 11:52:12.037, 1716226094696, testhost.dll, TcpClientExtensions.MessageLoopAsync: NotifyDataAvailable remoteEndPoint: [::ffff:127.0.0.1]:49393 localEndPoint: [::ffff:127.0.0.1]:49395
TpTrace Information: 0 : 14032, 9, 2021/08/23, 11:52:12.037, 1716226097512, testhost.dll, TestRequestHandler.ProcessRequests: received message: (TestSession.Terminate) -> null
TpTrace Information: 0 : 14032, 9, 2021/08/23, 11:52:12.037, 1716226098500, testhost.dll, Session End message received from server. Closing the connection.
TpTrace Information: 0 : 14032, 9, 2021/08/23, 11:52:12.037, 1716226102978, testhost.dll, SocketClient.Stop: Stop communication from server endpoint: 127.0.0.1:049393
TpTrace Information: 0 : 14032, 9, 2021/08/23, 11:52:12.037, 1716226104021, testhost.dll, SocketClient: Stop: Cancellation requested. Stopping message loop.
TpTrace Verbose: 0 : 14032, 9, 2021/08/23, 11:52:12.038, 1716226106505, testhost.dll, LengthPrefixCommunicationChannel.Dispose: Dispose reader and writer.
TpTrace Information: 0 : 14032, 9, 2021/08/23, 11:52:12.038, 1716226107780, testhost.dll, Closing the connection !
TpTrace Information: 0 : 14032, 9, 2021/08/23, 11:52:12.038, 1716226111404, testhost.dll, SocketClient.PrivateStop: Stop communication from server endpoint: 127.0.0.1:049393, error:
TpTrace Information: 0 : 14032, 1, 2021/08/23, 11:52:12.038, 1716226113210, testhost.dll, Closing the connection !
TpTrace Verbose: 0 : 14032, 9, 2021/08/23, 11:52:12.038, 1716226113271, testhost.dll, LengthPrefixCommunicationChannel.Dispose: Dispose reader and writer.
TpTrace Verbose: 0 : 14032, 9, 2021/08/23, 11:52:12.039, 1716226114829, testhost.dll, TcpClientExtensions.MessageLoopAsync: exiting MessageLoopAsync remoteEndPoint: [::ffff:127.0.0.1]:49393 localEndPoint: [::ffff:127.0.0.1]:49395
TpTrace Information: 0 : 14032, 1, 2021/08/23, 11:52:12.038, 1716226114175, testhost.dll, SocketClient.Stop: Stop communication from server endpoint: 127.0.0.1:049393
TpTrace Verbose: 0 : 14032, 1, 2021/08/23, 11:52:12.039, 1716226116389, testhost.dll, LengthPrefixCommunicationChannel.Dispose: Dispose reader and writer.
TpTrace Information: 0 : 14032, 1, 2021/08/23, 11:52:12.039, 1716226118196, testhost.dll, Testhost process exiting.
